::1 - - [08/Apr/2022:16:42:20 +0200] "POST /wp-admin/admin-ajax.php HTTP/1.1" 200 47
::1 - - [08/Apr/2022:16:44:11 +0200] "POST /wp-admin/admin-ajax.php HTTP/1.1" 200 47
::1 - - [08/Apr/2022:16:44:27 +0200] "POST /wp-admin/admin-ajax.php HTTP/1.1" 200 47
::1 - - [08/Apr/2022:16:46:28 +0200] "POST /wp-admin/admin-ajax.php HTTP/1.1" 200 47
::1 - - [08/Apr/2022:16:48:28 +0200] "POST /wp-admin/admin-ajax.php HTTP/1.1" 200 47
::1 - - [08/Apr/2022:16:50:28 +0200] "POST /wp-admin/admin-ajax.php HTTP/1.1" 200 47
::1 - - [08/Apr/2022:16:52:28 +0200] "POST /wp-admin/admin-ajax.php HTTP/1.1" 200 47
::1 - - [08/Apr/2022:16:54:28 +0200] "POST /wp-admin/admin-ajax.php HTTP/1.1" 200 47
127.0.0.1 - - [12/Apr/2022:14:53:40 +0200] "POST /wp-cron.php?doing_wp_cron=1649768020.5796129703521728515625 HTTP/1.1" 200 -
127.0.0.1 - - [12/Apr/2022:14:53:40 +0200] "GET /wp-admin/ HTTP/1.1" 302 -
127.0.0.1 - - [12/Apr/2022:14:53:41 +0200] "\x16\x03\x01" 400 226
127.0.0.1 - - [12/Apr/2022:14:53:41 +0200] "\x16\x03\x01" 400 226
127.0.0.1 - - [12/Apr/2022:14:53:41 +0200] "GET /wp-login.php?redirect_to=http%3A%2F%2Flocalhost%3A10013%2Fwp-admin%2F&reauth=1 HTTP/1.1" 200 7596
127.0.0.1 - - [12/Apr/2022:14:53:42 +0200] "GET /wp-includes/css/dashicons.min.css?ver=5.9.3 HTTP/1.1" 200 59016
127.0.0.1 - - [12/Apr/2022:14:53:42 +0200] "GET /wp-admin/css/forms.min.css?ver=5.9.3 HTTP/1.1" 200 25369
127.0.0.1 - - [12/Apr/2022:14:53:42 +0200] "GET /wp-includes/css/buttons.min.css?ver=5.9.3 HTTP/1.1" 200 5854
127.0.0.1 - - [12/Apr/2022:14:53:42 +0200] "GET /wp-admin/css/login.min.css?ver=5.9.3 HTTP/1.1" 200 6315
127.0.0.1 - - [12/Apr/2022:14:53:42 +0200] "GET /wp-admin/css/l10n.min.css?ver=5.9.3 HTTP/1.1" 200 2477
127.0.0.1 - - [12/Apr/2022:14:53:42 +0200] "GET /wp-includes/js/jquery/jquery.min.js?ver=3.6.0 HTTP/1.1" 200 89521
127.0.0.1 - - [12/Apr/2022:14:53:42 +0200] "GET /wp-includes/js/jquery/jquery-migrate.min.js?ver=3.3.2 HTTP/1.1" 200 11224
127.0.0.1 - - [12/Apr/2022:14:53:42 +0200] "GET /wp-includes/js/dist/vendor/wp-polyfill.min.js?ver=3.15.0 HTTP/1.1" 200 19261
127.0.0.1 - - [12/Apr/2022:14:53:42 +0200] "GET /wp-includes/js/dist/vendor/regenerator-runtime.min.js?ver=0.13.9 HTTP/1.1" 200 6494
127.0.0.1 - - [12/Apr/2022:14:53:42 +0200] "GET /wp-includes/js/zxcvbn-async.min.js?ver=1.0 HTTP/1.1" 200 351
127.0.0.1 - - [12/Apr/2022:14:53:42 +0200] "GET /wp-includes/js/dist/hooks.min.js?ver=1e58c8c5a32b2e97491080c5b10dc71c HTTP/1.1" 200 5690
127.0.0.1 - - [12/Apr/2022:14:53:42 +0200] "GET /wp-admin/js/password-strength-meter.min.js?ver=5.9.3 HTTP/1.1" 200 1123
127.0.0.1 - - [12/Apr/2022:14:53:42 +0200] "GET /wp-includes/js/dist/i18n.min.js?ver=30fcecb428a0e8383d3776bcdd3a7834 HTTP/1.1" 200 10407
127.0.0.1 - - [12/Apr/2022:14:53:42 +0200] "GET /wp-admin/js/user-profile.min.js?ver=5.9.3 HTTP/1.1" 200 6102
127.0.0.1 - - [12/Apr/2022:14:53:42 +0200] "GET /wp-includes/js/underscore.min.js?ver=1.13.1 HTTP/1.1" 200 19069
127.0.0.1 - - [12/Apr/2022:14:53:42 +0200] "GET /wp-includes/js/wp-util.min.js?ver=5.9.3 HTTP/1.1" 200 1340
127.0.0.1 - - [12/Apr/2022:14:53:42 +0200] "GET /wp-admin/images/wordpress-logo.svg?ver=20131107 HTTP/1.1" 200 1521
127.0.0.1 - - [12/Apr/2022:14:53:43 +0200] "GET /wp-includes/js/zxcvbn.min.js HTTP/1.1" 200 822237
127.0.0.1 - - [12/Apr/2022:14:53:43 +0200] "GET /wp-includes/images/w-logo-blue-white-bg.png HTTP/1.1" 200 4119
127.0.0.1 - - [12/Apr/2022:14:53:43 +0200] "GET /favicon.ico HTTP/1.1" 302 -
127.0.0.1 - - [12/Apr/2022:14:53:48 +0200] "POST /wp-cron.php HTTP/1.1" 200 -
::1 - - [12/Apr/2022:14:54:07 +0200] "GET /wp-login.php?redirect_to=http%3A%2F%2Flocalhost%3A10013%2Fwp-admin%2F&reauth=1 HTTP/1.1" 200 7596
::1 - - [12/Apr/2022:14:54:08 +0200] "GET /wp-includes/css/dashicons.min.css?ver=5.9.3 HTTP/1.1" 200 59016
::1 - - [12/Apr/2022:14:54:08 +0200] "GET /wp-includes/css/buttons.min.css?ver=5.9.3 HTTP/1.1" 200 5854
::1 - - [12/Apr/2022:14:54:08 +0200] "GET /wp-admin/css/forms.min.css?ver=5.9.3 HTTP/1.1" 200 25369
::1 - - [12/Apr/2022:14:54:08 +0200] "GET /wp-admin/css/l10n.min.css?ver=5.9.3 HTTP/1.1" 200 2477
::1 - - [12/Apr/2022:14:54:08 +0200] "GET /wp-admin/css/login.min.css?ver=5.9.3 HTTP/1.1" 200 6315
::1 - - [12/Apr/2022:14:54:08 +0200] "GET /wp-includes/js/jquery/jquery.min.js?ver=3.6.0 HTTP/1.1" 200 89521
::1 - - [12/Apr/2022:14:54:08 +0200] "GET /wp-includes/js/jquery/jquery-migrate.min.js?ver=3.3.2 HTTP/1.1" 200 11224
::1 - - [12/Apr/2022:14:54:08 +0200] "GET /wp-includes/js/zxcvbn-async.min.js?ver=1.0 HTTP/1.1" 200 351
::1 - - [12/Apr/2022:14:54:08 +0200] "GET /wp-includes/js/dist/vendor/regenerator-runtime.min.js?ver=0.13.9 HTTP/1.1" 200 6494
::1 - - [12/Apr/2022:14:54:08 +0200] "GET /wp-includes/js/dist/vendor/wp-polyfill.min.js?ver=3.15.0 HTTP/1.1" 200 19261
::1 - - [12/Apr/2022:14:54:08 +0200] "GET /wp-includes/js/dist/hooks.min.js?ver=1e58c8c5a32b2e97491080c5b10dc71c HTTP/1.1" 200 5690
::1 - - [12/Apr/2022:14:54:08 +0200] "GET /wp-includes/js/dist/i18n.min.js?ver=30fcecb428a0e8383d3776bcdd3a7834 HTTP/1.1" 200 10407
::1 - - [12/Apr/2022:14:54:08 +0200] "GET /wp-admin/js/password-strength-meter.min.js?ver=5.9.3 HTTP/1.1" 200 1123
::1 - - [12/Apr/2022:14:54:08 +0200] "GET /wp-includes/js/underscore.min.js?ver=1.13.1 HTTP/1.1" 200 19069
::1 - - [12/Apr/2022:14:54:08 +0200] "GET /wp-includes/js/wp-util.min.js?ver=5.9.3 HTTP/1.1" 200 1340
::1 - - [12/Apr/2022:14:54:08 +0200] "GET /wp-admin/js/user-profile.min.js?ver=5.9.3 HTTP/1.1" 200 6102
::1 - - [12/Apr/2022:14:54:08 +0200] "GET /wp-admin/images/wordpress-logo.svg?ver=20131107 HTTP/1.1" 200 1521
::1 - - [12/Apr/2022:14:54:08 +0200] "GET /wp-includes/js/zxcvbn.min.js HTTP/1.1" 200 822237
::1 - - [12/Apr/2022:14:54:10 +0200] "POST /wp-login.php HTTP/1.1" 302 -
::1 - - [12/Apr/2022:14:54:10 +0200] "GET /wp-admin/ HTTP/1.1" 200 81874
::1 - - [12/Apr/2022:14:54:11 +0200] "GET /wp-includes/js/thickbox/thickbox.css?ver=5.9.3 HTTP/1.1" 200 2659
::1 - - [12/Apr/2022:14:54:11 +0200] "GET /wp-content/plugins/advanced-custom-fields/assets/build/css/acf-global.css?ver=5.12.2 HTTP/1.1" 200 33327
::1 - - [12/Apr/2022:14:54:11 +0200] "GET /wp-includes/css/editor.min.css?ver=5.9.3 HTTP/1.1" 200 27188
::1 - - [12/Apr/2022:14:54:11 +0200] "GET /wp-admin/js/common.min.js?ver=5.9.3 HTTP/1.1" 200 20038
::1 - - [12/Apr/2022:14:54:11 +0200] "GET /wp-includes/js/hoverintent-js.min.js?ver=2.2.1 HTTP/1.1" 200 1718
::1 - - [12/Apr/2022:14:54:11 +0200] "GET /wp-includes/js/admin-bar.min.js?ver=5.9.3 HTTP/1.1" 200 3556
::1 - - [12/Apr/2022:14:54:11 +0200] "GET /wp-includes/js/clipboard.min.js?ver=5.9.3 HTTP/1.1" 200 10607
::1 - - [12/Apr/2022:14:54:11 +0200] "GET /wp-includes/js/dist/dom-ready.min.js?ver=ecda74de0221e1c2ce5c57cbb5af09d5 HTTP/1.1" 200 1257
::1 - - [12/Apr/2022:14:54:11 +0200] "GET /wp-includes/js/dist/a11y.min.js?ver=68e470cf840f69530e9db3be229ad4b6 HTTP/1.1" 200 3069
::1 - - [12/Apr/2022:14:54:12 +0200] "GET /wp-includes/js/api-request.min.js?ver=5.9.3 HTTP/1.1" 200 1025
::1 - - [12/Apr/2022:14:54:12 +0200] "GET /wp-includes/js/dist/vendor/lodash.min.js?ver=4.17.19 HTTP/1.1" 200 73015
::1 - - [12/Apr/2022:14:54:12 +0200] "GET /wp-includes/js/dist/url.min.js?ver=5d9169e30a8883667fee1a7b5dd0fb51 HTTP/1.1" 200 5698
::1 - - [12/Apr/2022:14:54:12 +0200] "GET /wp-admin/js/site-health.min.js?ver=5.9.3 HTTP/1.1" 200 6142
::1 - - [12/Apr/2022:14:54:12 +0200] "GET /wp-includes/js/wp-ajax-response.min.js?ver=5.9.3 HTTP/1.1" 200 2312
::1 - - [12/Apr/2022:14:54:12 +0200] "GET /wp-includes/js/jquery/jquery.color.min.js?ver=2.1.2 HTTP/1.1" 200 9315
::1 - - [12/Apr/2022:14:54:12 +0200] "GET /wp-includes/js/wp-lists.min.js?ver=5.9.3 HTTP/1.1" 200 7442
::1 - - [12/Apr/2022:14:54:12 +0200] "GET /wp-includes/js/quicktags.min.js?ver=5.9.3 HTTP/1.1" 200 11132
::1 - - [12/Apr/2022:14:54:12 +0200] "GET /wp-includes/js/jquery/jquery.query.js?ver=2.2.3 HTTP/1.1" 200 3694
::1 - - [12/Apr/2022:14:54:12 +0200] "GET /wp-admin/js/edit-comments.min.js?ver=5.9.3 HTTP/1.1" 200 15268
::1 - - [12/Apr/2022:14:54:12 +0200] "GET /wp-includes/js/jquery/ui/core.min.js?ver=1.13.1 HTTP/1.1" 200 20714
::1 - - [12/Apr/2022:14:54:12 +0200] "GET /wp-includes/js/jquery/ui/mouse.min.js?ver=1.13.1 HTTP/1.1" 200 3406
::1 - - [12/Apr/2022:14:54:12 +0200] "GET /wp-includes/js/jquery/ui/sortable.min.js?ver=1.13.1 HTTP/1.1" 200 25464
::1 - - [12/Apr/2022:14:54:12 +0200] "GET /wp-includes/js/dist/vendor/moment.min.js?ver=2.29.1 HTTP/1.1" 200 58325
::1 - - [12/Apr/2022:14:54:12 +0200] "GET /wp-admin/js/dashboard.min.js?ver=5.9.3 HTTP/1.1" 200 8797
::1 - - [12/Apr/2022:14:54:12 +0200] "GET /wp-admin/js/postbox.min.js?ver=5.9.3 HTTP/1.1" 200 6713
::1 - - [12/Apr/2022:14:54:12 +0200] "GET /wp-includes/js/thickbox/thickbox.js?ver=3.1-20121105 HTTP/1.1" 200 13194
::1 - - [12/Apr/2022:14:54:12 +0200] "GET /wp-includes/js/dist/date.min.js?ver=a9a5af167fc60fa1bfda62582a7beb3c HTTP/1.1" 200 202264
::1 - - [12/Apr/2022:14:54:12 +0200] "GET /wp-admin/js/plugin-install.min.js?ver=5.9.3 HTTP/1.1" 200 2403
::1 - - [12/Apr/2022:14:54:12 +0200] "GET /wp-includes/js/wp-sanitize.min.js?ver=5.9.3 HTTP/1.1" 200 458
::1 - - [12/Apr/2022:14:54:12 +0200] "GET /wp-admin/js/updates.min.js?ver=5.9.3 HTTP/1.1" 200 41173
::1 - - [12/Apr/2022:14:54:12 +0200] "GET /wp-includes/js/shortcode.min.js?ver=5.9.3 HTTP/1.1" 200 2650
::1 - - [12/Apr/2022:14:54:12 +0200] "GET /wp-admin/js/media-upload.min.js?ver=5.9.3 HTTP/1.1" 200 1152
::1 - - [12/Apr/2022:14:54:12 +0200] "GET /wp-admin/js/svg-painter.js?ver=5.9.3 HTTP/1.1" 200 5522
::1 - - [12/Apr/2022:14:54:12 +0200] "GET /wp-includes/js/heartbeat.min.js?ver=5.9.3 HTTP/1.1" 200 5877
::1 - - [12/Apr/2022:14:54:12 +0200] "GET /wp-includes/js/wp-auth-check.min.js?ver=5.9.3 HTTP/1.1" 200 1658
::1 - - [12/Apr/2022:14:54:12 +0200] "GET /wp-includes/js/wplink.min.js?ver=5.9.3 HTTP/1.1" 200 11270
::1 - - [12/Apr/2022:14:54:12 +0200] "GET /wp-includes/js/jquery/ui/autocomplete.min.js?ver=1.13.1 HTTP/1.1" 200 8527
::1 - - [12/Apr/2022:14:54:12 +0200] "GET /wp-includes/js/jquery/ui/menu.min.js?ver=1.13.1 HTTP/1.1" 200 10116
::1 - - [12/Apr/2022:14:54:12 +0200] "GET /wp-includes/js/wp-emoji-release.min.js?ver=5.9.3 HTTP/1.1" 200 18181
::1 - - [12/Apr/2022:14:54:12 +0200] "GET /wp-includes/js/thickbox/loadingAnimation.gif HTTP/1.1" 200 15238
::1 - - [12/Apr/2022:14:54:12 +0200] "POST /wp-admin/admin-ajax.php HTTP/1.1" 200 817
::1 - - [12/Apr/2022:14:54:13 +0200] "GET /wp-admin/images/spinner.gif HTTP/1.1" 200 3656
::1 - - [12/Apr/2022:14:54:12 +0200] "GET /wp-admin/admin-ajax.php?action=dashboard-widgets&widget=dashboard_primary&pagenow=dashboard HTTP/1.1" 200 655
::1 - - [12/Apr/2022:14:55:12 +0200] "POST /wp-admin/admin-ajax.php HTTP/1.1" 200 47
127.0.0.1 - - [12/Apr/2022:14:57:13 +0200] "POST /wp-cron.php?doing_wp_cron=1649768233.0468800067901611328125 HTTP/1.1" 200 -
::1 - - [12/Apr/2022:14:57:12 +0200] "POST /wp-admin/admin-ajax.php HTTP/1.1" 200 47
127.0.0.1 - - [12/Apr/2022:14:57:13 +0200] "\x16\x03\x01" 400 226
127.0.0.1 - - [12/Apr/2022:14:57:13 +0200] "\x16\x03\x01" 400 226
::1 - - [12/Apr/2022:14:58:52 +0200] "POST /wp-admin/admin-ajax.php HTTP/1.1" 200 47
::1 - - [12/Apr/2022:14:59:52 +0200] "POST /wp-admin/admin-ajax.php HTTP/1.1" 200 47
::1 - - [12/Apr/2022:15:01:52 +0200] "POST /wp-admin/admin-ajax.php HTTP/1.1" 200 47
::1 - - [12/Apr/2022:15:03:52 +0200] "POST /wp-admin/admin-ajax.php HTTP/1.1" 200 47
::1 - - [12/Apr/2022:15:05:52 +0200] "POST /wp-admin/admin-ajax.php HTTP/1.1" 200 47
::1 - - [12/Apr/2022:15:07:52 +0200] "POST /wp-admin/admin-ajax.php HTTP/1.1" 200 47
127.0.0.1 - - [12/Apr/2022:15:45:40 +0200] "POST /wp-cron.php?doing_wp_cron=1649771140.4463629722595214843750 HTTP/1.1" 200 -
::1 - - [12/Apr/2022:15:45:40 +0200] "POST /wp-admin/admin-ajax.php HTTP/1.1" 200 47
::1 - - [12/Apr/2022:15:46:37 +0200] "GET /wp-includes/css/admin-bar.min.css?ver=5.9.3 HTTP/1.1" 200 20105
::1 - - [12/Apr/2022:15:46:37 +0200] "GET /wp-content/themes/twentytwentytwo/style.css?ver=1.1 HTTP/1.1" 200 5602
::1 - - [12/Apr/2022:15:46:37 +0200] "GET /wp-includes/blocks/navigation/style.min.css?ver=5.9.3 HTTP/1.1" 200 13574
::1 - - [12/Apr/2022:15:46:37 +0200] "GET /wp-includes/blocks/navigation/view.min.js?ver=3776ea67846b3bb10fe8f7cdd486b0ba HTTP/1.1" 200 9265
::1 - - [12/Apr/2022:15:46:37 +0200] "GET /wp-content/themes/twentytwentytwo/assets/fonts/SourceSerif4Variable-Roman.ttf.woff2 HTTP/1.1" 200 428448
::1 - - [12/Apr/2022:15:46:36 +0200] "GET / HTTP/1.1" 200 59516
::1 - - [12/Apr/2022:15:46:37 +0200] "GET /wp-content/themes/twentytwentytwo/assets/images/flight-path-on-transparent-d.png HTTP/1.1" 200 103639
::1 - - [12/Apr/2022:15:46:40 +0200] "POST /wp-admin/admin-ajax.php HTTP/1.1" 200 47
::1 - - [12/Apr/2022:15:47:41 +0200] "POST /wp-admin/admin-ajax.php HTTP/1.1" 200 47
::1 - - [12/Apr/2022:15:49:41 +0200] "POST /wp-admin/admin-ajax.php HTTP/1.1" 200 47
::1 - - [12/Apr/2022:15:51:41 +0200] "POST /wp-admin/admin-ajax.php HTTP/1.1" 200 47
::1 - - [12/Apr/2022:15:53:42 +0200] "POST /wp-admin/admin-ajax.php HTTP/1.1" 200 750
::1 - - [12/Apr/2022:15:55:43 +0200] "POST /wp-admin/admin-ajax.php HTTP/1.1" 200 750
::1 - - [12/Apr/2022:15:57:43 +0200] "POST /wp-admin/admin-ajax.php HTTP/1.1" 200 750
::1 - - [12/Apr/2022:16:02:58 +0200] "POST /wp-admin/admin-ajax.php HTTP/1.1" 200 805
::1 - - [12/Apr/2022:16:03:02 +0200] "GET /wp-admin/update-core.php HTTP/1.1" 500 3293
127.0.0.1 - - [12/Apr/2022:16:03:48 +0200] "POST /wp-cron.php?doing_wp_cron=1649772228.7138700485229492187500 HTTP/1.1" 200 -
::1 - - [12/Apr/2022:16:03:48 +0200] "GET /wp-admin/update-core.php HTTP/1.1" 200 36928
::1 - - [12/Apr/2022:16:03:52 +0200] "GET /favicon.ico HTTP/1.1" 302 -
::1 - - [12/Apr/2022:16:03:52 +0200] "GET /wp-includes/images/w-logo-blue-white-bg.png HTTP/1.1" 200 4119
::1 - - [12/Apr/2022:16:03:59 +0200] "GET /wp-admin/edit.php HTTP/1.1" 200 55493
::1 - - [12/Apr/2022:16:03:59 +0200] "GET /wp-admin/js/tags-suggest.min.js?ver=5.9.3 HTTP/1.1" 200 2250
::1 - - [12/Apr/2022:16:03:59 +0200] "GET /wp-admin/js/inline-edit-post.min.js?ver=5.9.3 HTTP/1.1" 200 7411
::1 - - [12/Apr/2022:16:03:59 +0200] "POST /wp-admin/admin-ajax.php HTTP/1.1" 200 47
::1 - - [12/Apr/2022:16:04:14 +0200] "POST /wp-admin/admin-ajax.php HTTP/1.1" 200 47
::1 - - [12/Apr/2022:16:05:12 +0200] "POST /wp-admin/admin-ajax.php HTTP/1.1" 200 47
::1 - - [12/Apr/2022:16:05:13 +0200] "GET /wp-admin/themes.php HTTP/1.1" 200 63965
::1 - - [12/Apr/2022:16:05:13 +0200] "GET /wp-includes/js/backbone.min.js?ver=1.4.0 HTTP/1.1" 200 23794
::1 - - [12/Apr/2022:16:05:13 +0200] "GET /wp-includes/js/wp-backbone.min.js?ver=5.9.3 HTTP/1.1" 200 3037
::1 - - [12/Apr/2022:16:05:13 +0200] "GET /wp-includes/js/customize-base.min.js?ver=5.9.3 HTTP/1.1" 200 7856
::1 - - [12/Apr/2022:16:05:13 +0200] "GET /wp-admin/js/theme.min.js?ver=5.9.3 HTTP/1.1" 200 27002
::1 - - [12/Apr/2022:16:05:13 +0200] "GET /wp-content/themes/twentytwentytwo/screenshot.png HTTP/1.1" 200 162290
::1 - - [12/Apr/2022:16:05:13 +0200] "GET /wp-content/themes/studi/screenshot.png HTTP/1.1" 200 3783
::1 - - [12/Apr/2022:16:05:13 +0200] "GET /wp-content/themes/twentytwenty/screenshot.png HTTP/1.1" 200 53066
::1 - - [12/Apr/2022:16:05:13 +0200] "GET /wp-content/themes/twentytwentyone/screenshot.png HTTP/1.1" 200 282897
::1 - - [12/Apr/2022:16:06:13 +0200] "POST /wp-admin/admin-ajax.php HTTP/1.1" 200 47
::1 - - [12/Apr/2022:16:07:13 +0200] "POST /wp-admin/admin-ajax.php HTTP/1.1" 200 47
::1 - - [12/Apr/2022:16:08:13 +0200] "POST /wp-admin/admin-ajax.php HTTP/1.1" 200 47
::1 - - [12/Apr/2022:16:09:13 +0200] "POST /wp-admin/admin-ajax.php HTTP/1.1" 200 47
::1 - - [12/Apr/2022:16:11:13 +0200] "POST /wp-admin/admin-ajax.php HTTP/1.1" 200 47
::1 - - [12/Apr/2022:16:13:13 +0200] "POST /wp-admin/admin-ajax.php HTTP/1.1" 200 47
::1 - - [12/Apr/2022:16:14:16 +0200] "POST /wp-admin/admin-ajax.php HTTP/1.1" 200 47
::1 - - [12/Apr/2022:16:14:17 +0200] "GET /wp-admin/themes.php?action=activate&stylesheet=studi&_wpnonce=733073c228 HTTP/1.1" 302 -
::1 - - [12/Apr/2022:16:14:18 +0200] "GET /wp-admin/themes.php?activated=true HTTP/1.1" 200 64107
::1 - - [12/Apr/2022:16:14:25 +0200] "GET / HTTP/1.1" 200 147
::1 - - [12/Apr/2022:16:14:25 +0200] "GET /favicon.ico HTTP/1.1" 302 -
::1 - - [12/Apr/2022:16:15:18 +0200] "POST /wp-admin/admin-ajax.php HTTP/1.1" 200 47
::1 - - [12/Apr/2022:16:17:19 +0200] "POST /wp-admin/admin-ajax.php HTTP/1.1" 200 47
::1 - - [12/Apr/2022:16:19:20 +0200] "POST /wp-admin/admin-ajax.php HTTP/1.1" 200 47
::1 - - [12/Apr/2022:16:21:21 +0200] "POST /wp-admin/admin-ajax.php HTTP/1.1" 200 47
::1 - - [12/Apr/2022:16:23:22 +0200] "POST /wp-admin/admin-ajax.php HTTP/1.1" 200 47
::1 - - [12/Apr/2022:16:25:23 +0200] "POST /wp-admin/admin-ajax.php HTTP/1.1" 200 47
::1 - - [12/Apr/2022:16:27:24 +0200] "POST /wp-admin/admin-ajax.php HTTP/1.1" 200 47
::1 - - [12/Apr/2022:16:29:25 +0200] "POST /wp-admin/admin-ajax.php HTTP/1.1" 200 47
::1 - - [12/Apr/2022:16:31:26 +0200] "POST /wp-admin/admin-ajax.php HTTP/1.1" 200 47
::1 - - [12/Apr/2022:16:33:27 +0200] "POST /wp-admin/admin-ajax.php HTTP/1.1" 200 47
::1 - - [12/Apr/2022:16:35:28 +0200] "POST /wp-admin/admin-ajax.php HTTP/1.1" 200 47
::1 - - [12/Apr/2022:16:36:10 +0200] "GET /wp-includes/js/imgareaselect/imgareaselect.css?ver=0.9.8 HTTP/1.1" 200 790
::1 - - [12/Apr/2022:16:36:10 +0200] "GET /wp-admin/load-styles.php?c=0&dir=ltr&load%5Bchunk_0%5D=dashicons,common,forms,admin-menu,dashboard,list-tables,edit,revisions,media,themes,about,nav-menus,wp-pointer,widgets,site-icon&load%5Bchunk_1%5D=,l10n,buttons,customize-controls,customize-widgets,wp-block-library,wp-color-picker,wp-components,wp-widgets,wp-block-editor,wp-&load%5Bchunk_2%5D=nux,wp-reusable-blocks,wp-editor,wp-reset-editor-styles,wp-editor-classic-layout-styles,wp-block-library-theme,wp-edit-blocks,wp&load%5Bchunk_3%5D=-customize-widgets,wp-block-directory,wp-format-library,customize-nav-menus,code-editor,media-views&ver=5.9.3 HTTP/1.1" 200 927446
::1 - - [12/Apr/2022:16:36:10 +0200] "GET /wp-content/plugins/advanced-custom-fields/assets/inc/select2/4/select2.min.css?ver=4.0.13 HTTP/1.1" 200 14966
::1 - - [12/Apr/2022:16:36:10 +0200] "GET /wp-content/plugins/advanced-custom-fields/assets/build/css/acf-input.css?ver=5.12.2 HTTP/1.1" 200 71368
::1 - - [12/Apr/2022:16:36:10 +0200] "GET /wp-content/plugins/advanced-custom-fields/assets/inc/datepicker/jquery-ui.min.css?ver=1.11.4 HTTP/1.1" 200 23482
::1 - - [12/Apr/2022:16:36:10 +0200] "GET /wp-content/plugins/advanced-custom-fields/assets/inc/timepicker/jquery-ui-timepicker-addon.min.css?ver=1.6.1 HTTP/1.1" 200 1901
::1 - - [12/Apr/2022:16:36:09 +0200] "GET /wp-admin/customize.php?theme=studi&return=http%3A%2F%2Flocalhost%3A10013%2Fwp-admin%2Fthemes.php HTTP/1.1" 200 586296
::1 - - [12/Apr/2022:16:36:10 +0200] "GET /wp-includes/js/codemirror/codemirror.min.css?ver=5.29.1-alpha-ee20357 HTTP/1.1" 200 15899
::1 - - [12/Apr/2022:16:36:10 +0200] "GET /wp-includes/js/mediaelement/mediaelementplayer-legacy.min.css?ver=4.2.16 HTTP/1.1" 200 11256
::1 - - [12/Apr/2022:16:36:10 +0200] "GET /wp-includes/js/mediaelement/wp-mediaelement.min.css?ver=5.9.3 HTTP/1.1" 200 4186
::1 - - [12/Apr/2022:16:36:10 +0200] "GET /wp-admin/load-styles.php?c=0&dir=ltr&load%5Bchunk_0%5D=editor-buttons&ver=5.9.3 HTTP/1.1" 200 27189
::1 - - [12/Apr/2022:16:36:10 +0200] "GET /wp-admin/load-scripts.php?c=0&load%5Bchunk_0%5D=jquery-core,jquery-migrate,regenerator-runtime,wp-polyfill,wp-hooks,underscore,wp-dom-ready&ver=5.9.3 HTTP/1.1" 200 152523
::1 - - [12/Apr/2022:16:36:10 +0200] "GET /wp-includes/js/jquery/ui/draggable.min.js?ver=1.13.1 HTTP/1.1" 200 18331
::1 - - [12/Apr/2022:16:36:10 +0200] "GET /wp-includes/js/jquery/ui/droppable.min.js?ver=1.13.1 HTTP/1.1" 200 6651
::1 - - [12/Apr/2022:16:36:10 +0200] "GET /wp-includes/js/jquery/ui/resizable.min.js?ver=1.13.1 HTTP/1.1" 200 18699
::1 - - [12/Apr/2022:16:36:10 +0200] "GET /wp-content/plugins/advanced-custom-fields/assets/inc/select2/4/select2.full.min.js?ver=4.0.13 HTTP/1.1" 200 78515
::1 - - [12/Apr/2022:16:36:10 +0200] "GET /wp-includes/js/jquery/ui/datepicker.min.js?ver=1.13.1 HTTP/1.1" 200 36751
::1 - - [12/Apr/2022:16:36:10 +0200] "GET /wp-content/plugins/advanced-custom-fields/assets/inc/timepicker/jquery-ui-timepicker-addon.min.js?ver=1.6.1 HTTP/1.1" 200 41134
::1 - - [12/Apr/2022:16:36:10 +0200] "GET /wp-includes/js/jquery/ui/slider.min.js?ver=1.13.1 HTTP/1.1" 200 10750
::1 - - [12/Apr/2022:16:36:10 +0200] "GET /wp-includes/js/jquery/jquery.ui.touch-punch.js?ver=0.2.2 HTTP/1.1" 200 1179
::1 - - [12/Apr/2022:16:36:10 +0200] "GET /wp-content/plugins/advanced-custom-fields/assets/build/js/acf.min.js?ver=5.12.2 HTTP/1.1" 200 27975
::1 - - [12/Apr/2022:16:36:10 +0200] "GET /wp-content/plugins/advanced-custom-fields/assets/build/js/acf-input.min.js?ver=5.12.2 HTTP/1.1" 200 100386
::1 - - [12/Apr/2022:16:36:10 +0200] "GET /wp-admin/js/color-picker.min.js?ver=5.9.3 HTTP/1.1" 200 3490
::1 - - [12/Apr/2022:16:36:10 +0200] "GET /wp-content/plugins/advanced-custom-fields/assets/inc/color-picker-alpha/wp-color-picker-alpha.js?ver=3.0.0 HTTP/1.1" 200 17101
::1 - - [12/Apr/2022:16:36:10 +0200] "GET /wp-admin/js/iris.min.js?ver=1.1.1 HTTP/1.1" 200 23643
::1 - - [12/Apr/2022:16:36:10 +0200] "GET /wp-includes/js/utils.min.js?ver=5.9.3 HTTP/1.1" 200 1864
::1 - - [12/Apr/2022:16:36:10 +0200] "GET /wp-admin/js/editor.min.js?ver=5.9.3 HTTP/1.1" 200 13211
::1 - - [12/Apr/2022:16:36:10 +0200] "GET /wp-includes/js/media-models.min.js?ver=5.9.3 HTTP/1.1" 200 14293
::1 - - [12/Apr/2022:16:36:10 +0200] "GET /wp-includes/js/plupload/moxie.min.js?ver=1.3.5 HTTP/1.1" 200 87591
::1 - - [12/Apr/2022:16:36:10 +0200] "GET /wp-includes/js/plupload/plupload.min.js?ver=2.1.9 HTTP/1.1" 200 15612
::1 - - [12/Apr/2022:16:36:10 +0200] "GET /wp-includes/js/plupload/wp-plupload.min.js?ver=5.9.3 HTTP/1.1" 200 5979
::1 - - [12/Apr/2022:16:36:10 +0200] "GET /wp-includes/js/mediaelement/mediaelement-and-player.min.js?ver=4.2.16 HTTP/1.1" 200 157610
::1 - - [12/Apr/2022:16:36:10 +0200] "GET /wp-includes/js/mediaelement/mediaelement-migrate.min.js?ver=5.9.3 HTTP/1.1" 200 1193
::1 - - [12/Apr/2022:16:36:10 +0200] "GET /wp-includes/js/mediaelement/wp-mediaelement.min.js?ver=5.9.3 HTTP/1.1" 200 906
::1 - - [12/Apr/2022:16:36:10 +0200] "GET /wp-admin/js/nav-menu.min.js?ver=5.9.3 HTTP/1.1" 200 25785
::1 - - [12/Apr/2022:16:36:10 +0200] "GET /wp-includes/js/media-views.min.js?ver=5.9.3 HTTP/1.1" 200 111410
::1 - - [12/Apr/2022:16:36:10 +0200] "GET /wp-includes/js/codemirror/codemirror.min.js?ver=5.29.1-alpha-ee20357 HTTP/1.1" 200 585414
::1 - - [12/Apr/2022:16:36:10 +0200] "GET /wp-admin/js/code-editor.min.js?ver=5.9.3 HTTP/1.1" 200 3084
::1 - - [12/Apr/2022:16:36:10 +0200] "GET /wp-includes/js/media-audiovideo.min.js?ver=5.9.3 HTTP/1.1" 200 12964
::1 - - [12/Apr/2022:16:36:10 +0200] "GET /wp-admin/js/widgets/media-widgets.min.js?ver=5.9.3 HTTP/1.1" 200 14253
::1 - - [12/Apr/2022:16:36:10 +0200] "GET /wp-admin/js/widgets/media-audio-widget.min.js?ver=5.9.3 HTTP/1.1" 200 1447
::1 - - [12/Apr/2022:16:36:10 +0200] "GET /wp-includes/js/media-editor.min.js?ver=5.9.3 HTTP/1.1" 200 10909
::1 - - [12/Apr/2022:16:36:10 +0200] "GET /wp-admin/js/widgets/media-image-widget.min.js?ver=5.9.3 HTTP/1.1" 200 2024
::1 - - [12/Apr/2022:16:36:10 +0200] "GET /wp-admin/js/widgets/media-gallery-widget.min.js?ver=5.9.3 HTTP/1.1" 200 3766
::1 - - [12/Apr/2022:16:36:10 +0200] "GET /wp-admin/js/widgets/media-video-widget.min.js?ver=5.9.3 HTTP/1.1" 200 2704
::1 - - [12/Apr/2022:16:36:10 +0200] "GET /wp-admin/js/widgets/text-widgets.min.js?ver=5.9.3 HTTP/1.1" 200 5854
::1 - - [12/Apr/2022:16:36:10 +0200] "GET /wp-includes/js/codemirror/htmlhint.js?ver=0.9.14-xwp HTTP/1.1" 200 17735
::1 - - [12/Apr/2022:16:36:10 +0200] "GET /wp-includes/js/codemirror/csslint.js?ver=1.0.5 HTTP/1.1" 200 366769
::1 - - [12/Apr/2022:16:36:10 +0200] "GET /wp-includes/js/codemirror/fakejshint.js?ver=2.9.5 HTTP/1.1" 200 1002
::1 - - [12/Apr/2022:16:36:10 +0200] "GET /wp-includes/js/codemirror/esprima.js?ver=4.0.0 HTTP/1.1" 200 283149
::1 - - [12/Apr/2022:16:36:10 +0200] "GET /wp-admin/js/widgets/custom-html-widgets.min.js?ver=5.9.3 HTTP/1.1" 200 5571
::1 - - [12/Apr/2022:16:36:10 +0200] "GET /wp-includes/js/dist/vendor/react.min.js?ver=17.0.1 HTTP/1.1" 200 11440
::1 - - [12/Apr/2022:16:36:10 +0200] "GET /wp-admin/load-scripts.php?c=0&load%5Bchunk_0%5D=heartbeat,customize-base,customize-controls,customize-widgets&ver=5.9.3 HTTP/1.1" 200 153486
::1 - - [12/Apr/2022:16:36:10 +0200] "GET /wp-includes/js/dist/api-fetch.min.js?ver=17766b2bf644140bbb233ce86db2174c HTTP/1.1" 200 6076
::1 - - [12/Apr/2022:16:36:10 +0200] "GET /wp-includes/js/dist/vendor/react-dom.min.js?ver=17.0.1 HTTP/1.1" 200 120585
::1 - - [12/Apr/2022:16:36:10 +0200] "GET /wp-includes/js/dist/blob.min.js?ver=4eca38a62df5f0145a5f1a78858581e7 HTTP/1.1" 200 1574
::1 - - [12/Apr/2022:16:36:10 +0200] "GET /wp-includes/js/dist/block-serialization-default-parser.min.js?ver=2fc6dec19af6d4c5e5fec8f6fdc1a10b HTTP/1.1" 200 3015
::1 - - [12/Apr/2022:16:36:10 +0200] "GET /wp-includes/js/dist/deprecated.min.js?ver=8778985ac0dfb16f24f8ef86d0718f43 HTTP/1.1" 200 1647
::1 - - [12/Apr/2022:16:36:10 +0200] "GET /wp-includes/js/dist/autop.min.js?ver=e5e1c1378bcb34e073986566ac756500 HTTP/1.1" 200 6307
::1 - - [12/Apr/2022:16:36:10 +0200] "GET /wp-includes/js/dist/dom.min.js?ver=ba466ff86449b948bf89b1d25c2ad20e HTTP/1.1" 200 13546
::1 - - [12/Apr/2022:16:36:10 +0200] "GET /wp-includes/js/dist/is-shallow-equal.min.js?ver=77450ab7b4e5185ab453093061332216 HTTP/1.1" 200 1696
::1 - - [12/Apr/2022:16:36:10 +0200] "GET /wp-includes/js/dist/element.min.js?ver=fb9def72b4f6427aa79ce1c534a205cc HTTP/1.1" 200 9651
::1 - - [12/Apr/2022:16:36:10 +0200] "GET /wp-includes/js/dist/escape-html.min.js?ver=ce66e0f9acf6802317399656243ffbc4 HTTP/1.1" 200 1783
::1 - - [12/Apr/2022:16:36:10 +0200] "GET /wp-includes/js/dist/priority-queue.min.js?ver=8800e995455b762f0853c3b3abee6781 HTTP/1.1" 200 1636
::1 - - [12/Apr/2022:16:36:10 +0200] "GET /wp-includes/js/dist/keycodes.min.js?ver=9fd5d44710365c520fb15d397154271b HTTP/1.1" 200 4143
::1 - - [12/Apr/2022:16:36:10 +0200] "GET /wp-includes/js/dist/compose.min.js?ver=058697a4c5024045c81954f411ff6dba HTTP/1.1" 200 36812
::1 - - [12/Apr/2022:16:36:10 +0200] "GET /wp-includes/js/dist/shortcode.min.js?ver=7e026aec9ee5f844fe239b66b54b8865 HTTP/1.1" 200 4055
::1 - - [12/Apr/2022:16:36:10 +0200] "GET /wp-includes/js/dist/html-entities.min.js?ver=544a76db37139ce991197ce1c0e8a601 HTTP/1.1" 200 1416
::1 - - [12/Apr/2022:16:36:10 +0200] "GET /wp-includes/js/dist/data.min.js?ver=c5f9378263e5eea9d870764c8fc1dd1b HTTP/1.1" 200 24453
::1 - - [12/Apr/2022:16:36:10 +0200] "GET /wp-includes/js/dist/redux-routine.min.js?ver=6c3ab278bc9641b6f62731e018a4449e HTTP/1.1" 200 9796
::1 - - [12/Apr/2022:16:36:10 +0200] "GET /wp-includes/js/dist/blocks.min.js?ver=28d5b8f8805a22435cbdc51927067812 HTTP/1.1" 200 158553
::1 - - [12/Apr/2022:16:36:10 +0200] "GET /wp-includes/js/dist/primitives.min.js?ver=31ccba505ebf4a66b299970fad62423c HTTP/1.1" 200 2901
::1 - - [12/Apr/2022:16:36:10 +0200] "GET /wp-includes/js/dist/rich-text.min.js?ver=a3e3616311fad456179e52a7528ec7fd HTTP/1.1" 200 36738
::1 - - [12/Apr/2022:16:36:10 +0200] "GET /wp-includes/js/dist/warning.min.js?ver=1f17121f9d6d7d4961e1345d847b2122 HTTP/1.1" 200 2932
::1 - - [12/Apr/2022:16:36:10 +0200] "GET /wp-includes/js/dist/keyboard-shortcuts.min.js?ver=77c30626bb8cf4f5306643107664a1ae HTTP/1.1" 200 5606
::1 - - [12/Apr/2022:16:36:10 +0200] "GET /wp-includes/js/dist/components.min.js?ver=796933f78811baa51a86b257df543749 HTTP/1.1" 200 788225
::1 - - [12/Apr/2022:16:36:10 +0200] "GET /wp-includes/js/dist/notices.min.js?ver=5a82ca49493728103b070722b35c3c21 HTTP/1.1" 200 3118
::1 - - [12/Apr/2022:16:36:10 +0200] "GET /wp-includes/js/dist/token-list.min.js?ver=ea7b368befe497077dbfdf1bb6bf609d HTTP/1.1" 200 2336
::1 - - [12/Apr/2022:16:36:10 +0200] "GET /wp-includes/js/dist/wordcount.min.js?ver=6a22341ec4203372b399ccf210f7cc7a HTTP/1.1" 200 3255
::1 - - [12/Apr/2022:16:36:10 +0200] "GET /wp-includes/js/dist/server-side-render.min.js?ver=eb4890f695e6a7a0560506060a152632 HTTP/1.1" 200 4790
::1 - - [12/Apr/2022:16:36:10 +0200] "GET /wp-includes/js/dist/core-data.min.js?ver=a2bea1a5333f4e9d2ea07429a9924da0 HTTP/1.1" 200 48694
::1 - - [12/Apr/2022:16:36:10 +0200] "GET /wp-includes/js/dist/reusable-blocks.min.js?ver=0c555ff9c438801c104eea79e73f5769 HTTP/1.1" 200 6954
::1 - - [12/Apr/2022:16:36:10 +0200] "GET /wp-includes/js/dist/block-editor.min.js?ver=54657317be78fb1c246c72b38dc2ed0e HTTP/1.1" 200 538018
::1 - - [12/Apr/2022:16:36:10 +0200] "GET /wp-includes/js/dist/viewport.min.js?ver=ad7c7de26ddc2341a6a3cf458c2c19dc HTTP/1.1" 200 3129
::1 - - [12/Apr/2022:16:36:10 +0200] "GET /wp-includes/js/dist/plugins.min.js?ver=a192d765378319e49e7d3ba821e8afa3 HTTP/1.1" 200 5430
::1 - - [12/Apr/2022:16:36:10 +0200] "GET /wp-includes/js/dist/media-utils.min.js?ver=18fe8dfbb471a4ef452f5032317b2627 HTTP/1.1" 200 8173
::1 - - [12/Apr/2022:16:36:10 +0200] "GET /wp-includes/js/dist/data-controls.min.js?ver=8f1ca4c9b8ce97569364f3595781e718 HTTP/1.1" 200 2280
::1 - - [12/Apr/2022:16:36:10 +0200] "GET /wp-includes/js/dist/customize-widgets.min.js?ver=e38d3f45f9736b7a2a5f8de86137dbca HTTP/1.1" 200 50751
::1 - - [12/Apr/2022:16:36:10 +0200] "GET /wp-includes/js/dist/widgets.min.js?ver=18fe49a5f3a015c9be8cd325d3e64924 HTTP/1.1" 200 22688
::1 - - [12/Apr/2022:16:36:10 +0200] "GET /wp-includes/js/dist/block-library.min.js?ver=4febd9bfe9a5c1c90afc11dcd9ceb5cf HTTP/1.1" 200 601291
::1 - - [12/Apr/2022:16:36:10 +0200] "GET /wp-includes/js/dist/editor.min.js?ver=8d4a298f55ea5a97c9e5147f9e132d82 HTTP/1.1" 200 141691
::1 - - [12/Apr/2022:16:36:10 +0200] "GET /wp-includes/js/dist/edit-post.min.js?ver=02d3a879f3ce2f428ef847364697ca76 HTTP/1.1" 200 121235
::1 - - [12/Apr/2022:16:36:10 +0200] "GET /wp-includes/js/dist/format-library.min.js?ver=5179b7561f0153d3127cffc2fc6d4a26 HTTP/1.1" 200 21928
::1 - - [12/Apr/2022:16:36:10 +0200] "GET /wp-includes/js/dist/block-directory.min.js?ver=3deb079b0e2403bde3764a3ee22c2d59 HTTP/1.1" 200 22107
::1 - - [12/Apr/2022:16:36:10 +0200] "GET /wp-admin/js/accordion.min.js?ver=5.9.3 HTTP/1.1" 200 849
::1 - - [12/Apr/2022:16:36:10 +0200] "GET /wp-admin/js/customize-nav-menus.min.js?ver=5.9.3 HTTP/1.1" 200 45659
::1 - - [12/Apr/2022:16:36:10 +0200] "GET /wp-includes/js/imgareaselect/jquery.imgareaselect.min.js?ver=5.9.3 HTTP/1.1" 200 9723
::1 - - [12/Apr/2022:16:36:10 +0200] "GET /wp-includes/js/customize-models.js?ver=5.9.3 HTTP/1.1" 200 6821
::1 - - [12/Apr/2022:16:36:10 +0200] "GET /wp-includes/js/customize-views.js?ver=5.9.3 HTTP/1.1" 200 5065
::1 - - [12/Apr/2022:16:36:10 +0200] "GET /wp-includes/js/mce-view.min.js?ver=5.9.3 HTTP/1.1" 200 9883
::1 - - [12/Apr/2022:16:36:10 +0200] "GET /wp-admin/js/image-edit.min.js?ver=5.9.3 HTTP/1.1" 200 11263
::1 - - [12/Apr/2022:16:36:10 +0200] "GET /wp-includes/js/hoverIntent.min.js?ver=1.10.2 HTTP/1.1" 200 1500
::1 - - [12/Apr/2022:16:36:10 +0200] "GET /wp-includes/js/tinymce/tinymce.min.js?ver=49110-20201110 HTTP/1.1" 200 365570
::1 - - [12/Apr/2022:16:36:10 +0200] "GET /wp-includes/js/tinymce/plugins/compat3x/plugin.min.js?ver=49110-20201110 HTTP/1.1" 200 4129
::1 - - [12/Apr/2022:16:36:15 +0200] "GET /wp-json/wp/v2/widget-types?context=edit&per_page=100&_locale=user HTTP/1.1" 200 5889
::1 - - [12/Apr/2022:16:36:15 +0200] "GET /wp-json/wp/v2/types?context=edit&_locale=user HTTP/1.1" 200 22314
::1 - - [12/Apr/2022:16:36:15 +0200] "GET /wp-json/wp/v2/taxonomies?context=edit&_locale=user HTTP/1.1" 200 7203
::1 - - [12/Apr/2022:16:36:16 +0200] "GET /?customize_changeset_uuid=526807c5-f52f-4cbf-9df6-211ff6fe063f&customize_theme=studi&customize_messenger_channel=preview-0 HTTP/1.1" 200 147
::1 - - [12/Apr/2022:16:37:00 +0200] "GET /wp-admin/edit.php?post_type=page HTTP/1.1" 200 54203
::1 - - [12/Apr/2022:16:37:01 +0200] "GET /favicon.ico HTTP/1.1" 302 -
::1 - - [12/Apr/2022:16:37:01 +0200] "POST /wp-admin/admin-ajax.php HTTP/1.1" 200 47
::1 - - [12/Apr/2022:16:37:06 +0200] "GET /wp-admin/themes.php HTTP/1.1" 200 64034
::1 - - [12/Apr/2022:16:38:06 +0200] "POST /wp-admin/admin-ajax.php HTTP/1.1" 200 47
::1 - - [12/Apr/2022:16:40:06 +0200] "POST /wp-admin/admin-ajax.php HTTP/1.1" 200 47
::1 - - [12/Apr/2022:16:42:06 +0200] "POST /wp-admin/admin-ajax.php HTTP/1.1" 200 47
::1 - - [12/Apr/2022:16:44:06 +0200] "POST /wp-admin/admin-ajax.php HTTP/1.1" 200 47
::1 - - [12/Apr/2022:16:46:06 +0200] "POST /wp-admin/admin-ajax.php HTTP/1.1" 200 47
::1 - - [12/Apr/2022:16:48:06 +0200] "POST /wp-admin/admin-ajax.php HTTP/1.1" 200 47
::1 - - [12/Apr/2022:16:50:06 +0200] "POST /wp-admin/admin-ajax.php HTTP/1.1" 200 47
::1 - - [12/Apr/2022:16:52:06 +0200] "POST /wp-admin/admin-ajax.php HTTP/1.1" 200 47
::1 - - [12/Apr/2022:16:54:06 +0200] "POST /wp-admin/admin-ajax.php HTTP/1.1" 200 47
::1 - - [12/Apr/2022:16:56:06 +0200] "POST /wp-admin/admin-ajax.php HTTP/1.1" 200 47
127.0.0.1 - - [12/Apr/2022:16:58:07 +0200] "POST /wp-cron.php?doing_wp_cron=1649775487.1038420200347900390625 HTTP/1.1" 200 -
::1 - - [12/Apr/2022:16:58:06 +0200] "POST /wp-admin/admin-ajax.php HTTP/1.1" 200 47
::1 - - [12/Apr/2022:17:00:06 +0200] "POST /wp-admin/admin-ajax.php HTTP/1.1" 200 47
::1 - - [12/Apr/2022:17:02:06 +0200] "POST /wp-admin/admin-ajax.php HTTP/1.1" 200 47
::1 - - [12/Apr/2022:17:04:06 +0200] "POST /wp-admin/admin-ajax.php HTTP/1.1" 200 47
::1 - - [12/Apr/2022:17:06:06 +0200] "POST /wp-admin/admin-ajax.php HTTP/1.1" 200 47
::1 - - [12/Apr/2022:17:08:06 +0200] "POST /wp-admin/admin-ajax.php HTTP/1.1" 200 47
::1 - - [12/Apr/2022:17:10:06 +0200] "POST /wp-admin/admin-ajax.php HTTP/1.1" 200 47
::1 - - [12/Apr/2022:17:12:06 +0200] "POST /wp-admin/admin-ajax.php HTTP/1.1" 200 47
::1 - - [12/Apr/2022:17:14:06 +0200] "POST /wp-admin/admin-ajax.php HTTP/1.1" 200 47
::1 - - [12/Apr/2022:17:16:06 +0200] "POST /wp-admin/admin-ajax.php HTTP/1.1" 200 47
::1 - - [12/Apr/2022:17:18:06 +0200] "POST /wp-admin/admin-ajax.php HTTP/1.1" 200 47
::1 - - [12/Apr/2022:17:20:06 +0200] "POST /wp-admin/admin-ajax.php HTTP/1.1" 200 47
::1 - - [12/Apr/2022:17:22:06 +0200] "POST /wp-admin/admin-ajax.php HTTP/1.1" 200 47
::1 - - [12/Apr/2022:17:24:06 +0200] "POST /wp-admin/admin-ajax.php HTTP/1.1" 200 47
::1 - - [12/Apr/2022:17:26:06 +0200] "POST /wp-admin/admin-ajax.php HTTP/1.1" 200 47
::1 - - [12/Apr/2022:17:28:06 +0200] "POST /wp-admin/admin-ajax.php HTTP/1.1" 200 47
::1 - - [12/Apr/2022:17:30:06 +0200] "POST /wp-admin/admin-ajax.php HTTP/1.1" 200 47
::1 - - [12/Apr/2022:17:32:06 +0200] "POST /wp-admin/admin-ajax.php HTTP/1.1" 200 47
::1 - - [12/Apr/2022:17:34:06 +0200] "POST /wp-admin/admin-ajax.php HTTP/1.1" 200 47
::1 - - [12/Apr/2022:17:36:06 +0200] "POST /wp-admin/admin-ajax.php HTTP/1.1" 200 47
::1 - - [12/Apr/2022:17:38:06 +0200] "POST /wp-admin/admin-ajax.php HTTP/1.1" 200 47
::1 - - [12/Apr/2022:17:40:06 +0200] "POST /wp-admin/admin-ajax.php HTTP/1.1" 200 47
::1 - - [12/Apr/2022:17:42:06 +0200] "POST /wp-admin/admin-ajax.php HTTP/1.1" 200 47
::1 - - [12/Apr/2022:17:44:06 +0200] "POST /wp-admin/admin-ajax.php HTTP/1.1" 200 47
::1 - - [12/Apr/2022:17:46:07 +0200] "POST /wp-admin/admin-ajax.php HTTP/1.1" 200 47
::1 - - [12/Apr/2022:17:48:07 +0200] "POST /wp-admin/admin-ajax.php HTTP/1.1" 200 47
::1 - - [12/Apr/2022:17:49:46 +0200] "POST /wp-admin/admin-ajax.php HTTP/1.1" 200 47
::1 - - [12/Apr/2022:17:50:46 +0200] "POST /wp-admin/admin-ajax.php HTTP/1.1" 200 47
::1 - - [12/Apr/2022:17:52:46 +0200] "POST /wp-admin/admin-ajax.php HTTP/1.1" 200 47
127.0.0.1 - - [13/Apr/2022:15:25:04 +0200] "POST /wp-cron.php?doing_wp_cron=1649856304.1953520774841308593750 HTTP/1.1" 200 -
127.0.0.1 - - [13/Apr/2022:15:25:03 +0200] "GET /wp-admin/ HTTP/1.1" 302 -
127.0.0.1 - - [13/Apr/2022:15:25:04 +0200] "\x16\x03\x01" 400 226
127.0.0.1 - - [13/Apr/2022:15:25:04 +0200] "\x16\x03\x01" 400 226
127.0.0.1 - - [13/Apr/2022:15:25:04 +0200] "GET /wp-login.php?redirect_to=http%3A%2F%2Flocalhost%3A10013%2Fwp-admin%2F&reauth=1 HTTP/1.1" 200 8194
127.0.0.1 - - [13/Apr/2022:15:25:05 +0200] "GET /wp-includes/js/dist/hooks.min.js?ver=1e58c8c5a32b2e97491080c5b10dc71c HTTP/1.1" 200 5690
127.0.0.1 - - [13/Apr/2022:15:25:05 +0200] "GET /wp-admin/js/password-strength-meter.min.js?ver=5.9.3 HTTP/1.1" 200 1123
127.0.0.1 - - [13/Apr/2022:15:25:06 +0200] "GET /wp-includes/images/w-logo-blue-white-bg.png HTTP/1.1" 200 4119
::1 - - [13/Apr/2022:15:25:18 +0200] "GET /wp-login.php?redirect_to=http%3A%2F%2Flocalhost%3A10013%2Fwp-admin%2F&reauth=1 HTTP/1.1" 200 8194
::1 - - [13/Apr/2022:15:25:20 +0200] "POST /wp-login.php HTTP/1.1" 302 -
::1 - - [13/Apr/2022:15:25:20 +0200] "GET /wp-content/plugins/advanced-custom-fields/assets/build/css/acf-global.css?ver=5.12.2 HTTP/1.1" 304 -
::1 - - [13/Apr/2022:15:25:20 +0200] "GET /wp-admin/ HTTP/1.1" 200 82105
::1 - - [13/Apr/2022:15:25:21 +0200] "POST /wp-admin/admin-ajax.php HTTP/1.1" 200 817
::1 - - [13/Apr/2022:15:25:21 +0200] "GET /wp-admin/admin-ajax.php?action=dashboard-widgets&widget=dashboard_primary&pagenow=dashboard HTTP/1.1" 200 655
::1 - - [13/Apr/2022:15:25:33 +0200] "GET /wp-admin/edit.php?post_type=page HTTP/1.1" 200 54203
::1 - - [13/Apr/2022:15:25:34 +0200] "POST /wp-admin/admin-ajax.php HTTP/1.1" 200 47
::1 - - [13/Apr/2022:15:25:41 +0200] "GET /wp-admin/load-styles.php?c=0&dir=ltr&load%5Bchunk_0%5D=dashicons,admin-bar,buttons,media-views,editor-buttons,wp-components,wp-block-editor,wp-nux,wp-reusable-blocks,wp-editor,common,&load%5Bchunk_1%5D=forms,wp-reset-editor-styles,wp-block-library,wp-editor-classic-layout-styles,wp-block-library-theme,wp-edit-blocks,wp-edit-post&load%5Bchunk_2%5D=,wp-block-directory,wp-format-library,admin-menu,dashboard,list-tables,edit,revisions,media,themes,about,nav-menus,wp-pointer,wi&load%5Bchunk_3%5D=dgets,site-icon,l10n,wp-auth-check,wp-color-picker&ver=5.9.3 HTTP/1.1" 200 921492
::1 - - [13/Apr/2022:15:25:41 +0200] "GET /wp-admin/load-scripts.php?c=0&load%5Bchunk_0%5D=jquery-core,jquery-migrate,utils,regenerator-runtime,wp-polyfill,wp-hooks&ver=5.9.3 HTTP/1.1" 200 134060
::1 - - [13/Apr/2022:15:25:39 +0200] "GET /wp-admin/post-new.php?post_type=page HTTP/1.1" 200 541016
::1 - - [13/Apr/2022:15:25:41 +0200] "GET /wp-content/plugins/advanced-custom-fields/assets/build/css/acf-input.css?ver=5.12.2 HTTP/1.1" 304 -
::1 - - [13/Apr/2022:15:25:41 +0200] "GET /wp-content/plugins/advanced-custom-fields/assets/inc/select2/4/select2.min.css?ver=4.0.13 HTTP/1.1" 304 -
::1 - - [13/Apr/2022:15:25:41 +0200] "GET /wp-content/plugins/advanced-custom-fields/assets/inc/datepicker/jquery-ui.min.css?ver=1.11.4 HTTP/1.1" 304 -
::1 - - [13/Apr/2022:15:25:41 +0200] "GET /wp-content/plugins/advanced-custom-fields/assets/inc/timepicker/jquery-ui-timepicker-addon.min.css?ver=1.6.1 HTTP/1.1" 304 -
::1 - - [13/Apr/2022:15:25:41 +0200] "GET /wp-content/plugins/advanced-custom-fields/assets/build/js/acf.min.js?ver=5.12.2 HTTP/1.1" 304 -
::1 - - [13/Apr/2022:15:25:41 +0200] "GET /wp-content/plugins/advanced-custom-fields/assets/build/js/acf-input.min.js?ver=5.12.2 HTTP/1.1" 304 -
::1 - - [13/Apr/2022:15:25:41 +0200] "GET /wp-content/plugins/advanced-custom-fields/assets/inc/select2/4/select2.full.min.js?ver=4.0.13 HTTP/1.1" 304 -
::1 - - [13/Apr/2022:15:25:41 +0200] "GET /wp-content/plugins/advanced-custom-fields/assets/inc/timepicker/jquery-ui-timepicker-addon.min.js?ver=1.6.1 HTTP/1.1" 304 -
::1 - - [13/Apr/2022:15:25:41 +0200] "GET /wp-admin/load-scripts.php?c=0&load%5Bchunk_0%5D=hoverIntent&ver=5.9.3 HTTP/1.1" 200 1501
::1 - - [13/Apr/2022:15:25:41 +0200] "GET /wp-includes/js/wp-embed.min.js?ver=5.9.3 HTTP/1.1" 200 1492
::1 - - [13/Apr/2022:15:25:41 +0200] "GET /wp-content/plugins/advanced-custom-fields/assets/inc/color-picker-alpha/wp-color-picker-alpha.js?ver=3.0.0 HTTP/1.1" 304 -
::1 - - [13/Apr/2022:15:25:42 +0200] "GET /wp-includes/js/tinymce/themes/modern/theme.min.js?wp-mce-49110-20201110 HTTP/1.1" 200 130746
::1 - - [13/Apr/2022:15:25:43 +0200] "GET /wp-json/wp/v2/blocks?context=edit&per_page=100&_locale=user HTTP/1.1" 200 2
::1 - - [13/Apr/2022:15:25:43 +0200] "GET /wp-json/?_locale=user HTTP/1.1" 200 184932
::1 - - [13/Apr/2022:15:25:43 +0200] "OPTIONS /wp-json/wp/v2/pages?_locale=user HTTP/1.1" 200 14280
::1 - - [13/Apr/2022:15:25:43 +0200] "GET /wp-json/wp/v2/users?context=view&who=authors&per_page=50&_fields=id%2Cname&_locale=user HTTP/1.1" 200 27
::1 - - [13/Apr/2022:15:25:43 +0200] "GET /wp-json/wp/v2/templates?context=edit&post_type=page&per_page=100&_locale=user HTTP/1.1" 200 2
::1 - - [13/Apr/2022:15:25:43 +0200] "GET /wp-includes/js/tinymce/plugins/charmap/plugin.min.js?wp-mce-49110-20201110 HTTP/1.1" 200 8601
::1 - - [13/Apr/2022:15:25:43 +0200] "GET /wp-json/?_locale=user HTTP/1.1" 200 184932
::1 - - [13/Apr/2022:15:25:43 +0200] "GET /wp-includes/js/tinymce/plugins/hr/plugin.min.js?wp-mce-49110-20201110 HTTP/1.1" 200 428
::1 - - [13/Apr/2022:15:25:43 +0200] "GET /wp-includes/js/tinymce/plugins/colorpicker/plugin.min.js?wp-mce-49110-20201110 HTTP/1.1" 200 1349
::1 - - [13/Apr/2022:15:25:43 +0200] "GET /wp-includes/js/tinymce/plugins/lists/plugin.min.js?wp-mce-49110-20201110 HTTP/1.1" 200 26968
::1 - - [13/Apr/2022:15:25:43 +0200] "GET /wp-includes/js/tinymce/plugins/media/plugin.min.js?wp-mce-49110-20201110 HTTP/1.1" 200 16576
::1 - - [13/Apr/2022:15:25:43 +0200] "GET /wp-includes/js/tinymce/plugins/paste/plugin.min.js?wp-mce-49110-20201110 HTTP/1.1" 200 30837
::1 - - [13/Apr/2022:15:25:43 +0200] "GET /wp-includes/js/tinymce/plugins/tabfocus/plugin.min.js?wp-mce-49110-20201110 HTTP/1.1" 200 1614
::1 - - [13/Apr/2022:15:25:43 +0200] "GET /wp-includes/js/tinymce/plugins/textcolor/plugin.min.js?wp-mce-49110-20201110 HTTP/1.1" 200 4927
::1 - - [13/Apr/2022:15:25:43 +0200] "GET /wp-includes/js/tinymce/plugins/fullscreen/plugin.min.js?wp-mce-49110-20201110 HTTP/1.1" 200 2184
::1 - - [13/Apr/2022:15:25:43 +0200] "GET /wp-includes/js/tinymce/plugins/wpautoresize/plugin.min.js?wp-mce-49110-20201110 HTTP/1.1" 200 2344
::1 - - [13/Apr/2022:15:25:43 +0200] "GET /wp-includes/js/tinymce/plugins/wordpress/plugin.min.js?wp-mce-49110-20201110 HTTP/1.1" 200 16419
::1 - - [13/Apr/2022:15:25:43 +0200] "GET /wp-includes/js/tinymce/plugins/wpeditimage/plugin.min.js?wp-mce-49110-20201110 HTTP/1.1" 200 12074
::1 - - [13/Apr/2022:15:25:43 +0200] "GET /wp-includes/js/tinymce/plugins/wpemoji/plugin.min.js?wp-mce-49110-20201110 HTTP/1.1" 200 1519
::1 - - [13/Apr/2022:15:25:43 +0200] "GET /wp-includes/js/tinymce/plugins/wpgallery/plugin.min.js?wp-mce-49110-20201110 HTTP/1.1" 200 1625
::1 - - [13/Apr/2022:15:25:43 +0200] "GET /wp-includes/js/tinymce/plugins/wplink/plugin.min.js?wp-mce-49110-20201110 HTTP/1.1" 200 8871
::1 - - [13/Apr/2022:15:25:43 +0200] "GET /wp-includes/js/tinymce/plugins/wpdialogs/plugin.min.js?wp-mce-49110-20201110 HTTP/1.1" 200 1322
::1 - - [13/Apr/2022:15:25:43 +0200] "GET /wp-includes/js/tinymce/plugins/wptextpattern/plugin.min.js?wp-mce-49110-20201110 HTTP/1.1" 200 3125
::1 - - [13/Apr/2022:15:25:43 +0200] "GET /wp-includes/js/tinymce/plugins/wpview/plugin.min.js?wp-mce-49110-20201110 HTTP/1.1" 200 2911
::1 - - [13/Apr/2022:15:25:43 +0200] "OPTIONS /wp-json/wp/v2/templates?_locale=user HTTP/1.1" 200 5142
::1 - - [13/Apr/2022:15:25:44 +0200] "GET /wp-includes/js/tinymce/skins/lightgray/skin.min.css?wp-mce-49110-20201110 HTTP/1.1" 200 44010
::1 - - [13/Apr/2022:15:25:43 +0200] "GET /wp-json/wp/v2/taxonomies?context=edit&per_page=100&_locale=user HTTP/1.1" 200 7203
::1 - - [13/Apr/2022:15:25:44 +0200] "GET /wp-includes/js/tinymce/skins/lightgray/content.min.css?wp-mce-49110-20201110 HTTP/1.1" 200 4017
::1 - - [13/Apr/2022:15:25:44 +0200] "GET /wp-includes/css/dashicons.min.css?ver=5.9.3&wp-mce-49110-20201110 HTTP/1.1" 200 59016
::1 - - [13/Apr/2022:15:25:44 +0200] "GET /wp-includes/js/tinymce/skins/wordpress/wp-content.css?ver=5.9.3&wp-mce-49110-20201110 HTTP/1.1" 200 8624
::1 - - [13/Apr/2022:15:25:43 +0200] "GET /wp-json/wp/v2/pages/5?_locale=user HTTP/1.1" 200 1250
::1 - - [13/Apr/2022:15:25:43 +0200] "GET /wp-json/wp/v2/themes?context=edit&status=active&_locale=user HTTP/1.1" 200 1609
::1 - - [13/Apr/2022:15:26:09 +0200] "GET /wp-json/wp/v2/taxonomies/post_tag?context=edit&_locale=user HTTP/1.1" 200 2358
::1 - - [13/Apr/2022:15:26:17 +0200] "POST /wp-json/wp/v2/pages/5?_locale=user HTTP/1.1" 200 1823
::1 - - [13/Apr/2022:15:26:42 +0200] "POST /wp-admin/admin-ajax.php HTTP/1.1" 200 98
::1 - - [13/Apr/2022:15:27:42 +0200] "POST /wp-admin/admin-ajax.php HTTP/1.1" 200 98
::1 - - [13/Apr/2022:15:28:42 +0200] "POST /wp-admin/admin-ajax.php HTTP/1.1" 200 98
::1 - - [13/Apr/2022:15:29:27 +0200] "POST /wp-admin/admin-ajax.php HTTP/1.1" 200 1
::1 - - [13/Apr/2022:15:29:27 +0200] "GET /wp-admin/edit.php?post_type=page HTTP/1.1" 200 57250
::1 - - [13/Apr/2022:15:29:27 +0200] "POST /wp-admin/admin-ajax.php HTTP/1.1" 200 47
::1 - - [13/Apr/2022:15:29:29 +0200] "GET /wp-admin/plugins.php HTTP/1.1" 200 49196
::1 - - [13/Apr/2022:15:30:29 +0200] "POST /wp-admin/admin-ajax.php HTTP/1.1" 200 47
::1 - - [13/Apr/2022:15:31:26 +0200] "GET /wp-admin/edit.php?post_type=page HTTP/1.1" 200 57250
::1 - - [13/Apr/2022:15:31:26 +0200] "POST /wp-admin/admin-ajax.php HTTP/1.1" 200 47
::1 - - [13/Apr/2022:15:31:28 +0200] "GET /wp-admin/post.php?post=5&action=edit HTTP/1.1" 200 541097
::1 - - [13/Apr/2022:15:31:30 +0200] "GET /wp-json/?_locale=user HTTP/1.1" 200 184932
::1 - - [13/Apr/2022:15:31:30 +0200] "GET /wp-json/wp/v2/blocks?context=edit&per_page=100&_locale=user HTTP/1.1" 200 2
::1 - - [13/Apr/2022:15:31:30 +0200] "OPTIONS /wp-json/wp/v2/pages?_locale=user HTTP/1.1" 200 14280
::1 - - [13/Apr/2022:15:31:30 +0200] "GET /wp-json/wp/v2/users?context=view&who=authors&per_page=50&_fields=id%2Cname&_locale=user HTTP/1.1" 200 27
::1 - - [13/Apr/2022:15:31:30 +0200] "GET /wp-json/wp/v2/templates?context=edit&post_type=page&per_page=100&_locale=user HTTP/1.1" 200 2
::1 - - [13/Apr/2022:15:31:30 +0200] "OPTIONS /wp-json/wp/v2/templates?_locale=user HTTP/1.1" 200 5142
::1 - - [13/Apr/2022:15:31:30 +0200] "GET /wp-json/wp/v2/taxonomies?context=edit&per_page=100&_locale=user HTTP/1.1" 200 7203
::1 - - [13/Apr/2022:15:31:30 +0200] "GET /wp-json/wp/v2/pages/5?_locale=user HTTP/1.1" 200 1354
::1 - - [13/Apr/2022:15:31:30 +0200] "GET /wp-json/?_locale=user HTTP/1.1" 200 184932
::1 - - [13/Apr/2022:15:31:30 +0200] "GET /wp-json/wp/v2/themes?context=edit&status=active&_locale=user HTTP/1.1" 200 1609
::1 - - [13/Apr/2022:15:31:32 +0200] "POST /wp-admin/admin-ajax.php HTTP/1.1" 200 1
::1 - - [13/Apr/2022:15:31:32 +0200] "GET /wp-admin/edit.php?post_type=page HTTP/1.1" 200 57250
::1 - - [13/Apr/2022:15:31:32 +0200] "POST /wp-admin/admin-ajax.php HTTP/1.1" 200 47
::1 - - [13/Apr/2022:15:31:35 +0200] "GET /wp-admin/post-new.php?post_type=page HTTP/1.1" 200 541016
::1 - - [13/Apr/2022:15:31:36 +0200] "GET /wp-json/?_locale=user HTTP/1.1" 200 184932
::1 - - [13/Apr/2022:15:31:36 +0200] "GET /wp-json/wp/v2/blocks?context=edit&per_page=100&_locale=user HTTP/1.1" 200 2
::1 - - [13/Apr/2022:15:31:36 +0200] "OPTIONS /wp-json/wp/v2/pages?_locale=user HTTP/1.1" 200 14280
::1 - - [13/Apr/2022:15:31:36 +0200] "GET /wp-json/wp/v2/users?context=view&who=authors&per_page=50&_fields=id%2Cname&_locale=user HTTP/1.1" 200 27
::1 - - [13/Apr/2022:15:31:36 +0200] "GET /wp-json/wp/v2/templates?context=edit&post_type=page&per_page=100&_locale=user HTTP/1.1" 200 2
::1 - - [13/Apr/2022:15:31:36 +0200] "OPTIONS /wp-json/wp/v2/templates?_locale=user HTTP/1.1" 200 5142
::1 - - [13/Apr/2022:15:31:36 +0200] "GET /wp-json/?_locale=user HTTP/1.1" 200 184932
::1 - - [13/Apr/2022:15:31:36 +0200] "GET /wp-json/wp/v2/taxonomies?context=edit&per_page=100&_locale=user HTTP/1.1" 200 7203
::1 - - [13/Apr/2022:15:31:37 +0200] "GET /wp-json/wp/v2/pages/8?_locale=user HTTP/1.1" 200 1250
::1 - - [13/Apr/2022:15:31:37 +0200] "GET /wp-json/wp/v2/themes?context=edit&status=active&_locale=user HTTP/1.1" 200 1609
::1 - - [13/Apr/2022:15:31:44 +0200] "GET /wp-json/wp/v2/taxonomies/post_tag?context=edit&_locale=user HTTP/1.1" 200 2358
::1 - - [13/Apr/2022:15:31:45 +0200] "POST /wp-json/wp/v2/pages/8?_locale=user HTTP/1.1" 200 1823
::1 - - [13/Apr/2022:15:31:48 +0200] "POST /wp-admin/admin-ajax.php HTTP/1.1" 200 1
::1 - - [13/Apr/2022:15:31:48 +0200] "GET /wp-admin/edit.php?post_type=page HTTP/1.1" 200 60296
::1 - - [13/Apr/2022:15:31:48 +0200] "POST /wp-admin/admin-ajax.php HTTP/1.1" 200 47
::1 - - [13/Apr/2022:15:31:55 +0200] "GET /wp-admin/post.php?post=3&action=trash&_wpnonce=95465d01ea HTTP/1.1" 302 -
::1 - - [13/Apr/2022:15:31:55 +0200] "GET /wp-admin/edit.php?post_type=page&trashed=1&ids=3 HTTP/1.1" 200 57384
::1 - - [13/Apr/2022:15:31:55 +0200] "POST /wp-admin/admin-ajax.php HTTP/1.1" 200 47
::1 - - [13/Apr/2022:15:31:57 +0200] "GET /wp-admin/post.php?post=2&action=trash&_wpnonce=8cc1fe1bf8 HTTP/1.1" 302 -
::1 - - [13/Apr/2022:15:31:57 +0200] "GET /wp-admin/edit.php?post_type=page&trashed=1&ids=2 HTTP/1.1" 200 54288
::1 - - [13/Apr/2022:15:31:57 +0200] "POST /wp-admin/admin-ajax.php HTTP/1.1" 200 47
::1 - - [13/Apr/2022:15:32:12 +0200] "POST /wp-admin/admin-ajax.php HTTP/1.1" 200 47
::1 - - [13/Apr/2022:15:32:27 +0200] "POST /wp-admin/admin-ajax.php HTTP/1.1" 200 47
::1 - - [13/Apr/2022:15:32:42 +0200] "POST /wp-admin/admin-ajax.php HTTP/1.1" 200 47
::1 - - [13/Apr/2022:15:34:31 +0200] "POST /wp-admin/admin-ajax.php HTTP/1.1" 200 47
::1 - - [13/Apr/2022:15:34:42 +0200] "GET /wp-admin/customize.php?return=%2Fwp-admin%2Fedit.php%3Fpost_type%3Dpage HTTP/1.1" 200 585831
::1 - - [13/Apr/2022:15:34:44 +0200] "GET /wp-json/wp/v2/widget-types?context=edit&per_page=100&_locale=user HTTP/1.1" 200 5889
::1 - - [13/Apr/2022:15:34:44 +0200] "GET /wp-json/wp/v2/types?context=edit&_locale=user HTTP/1.1" 200 22314
::1 - - [13/Apr/2022:15:34:44 +0200] "GET /wp-json/wp/v2/taxonomies?context=edit&_locale=user HTTP/1.1" 200 7203
::1 - - [13/Apr/2022:15:34:44 +0200] "GET /?customize_changeset_uuid=958c57ee-d915-413e-af88-c31c2cdac681&customize_theme=studi&customize_messenger_channel=preview-0 HTTP/1.1" 200 147
::1 - - [13/Apr/2022:15:35:18 +0200] "GET /wp-includes/images/spinner.gif HTTP/1.1" 200 3656
::1 - - [13/Apr/2022:15:35:18 +0200] "GET /wp-includes/images/uploader-icons.png HTTP/1.1" 200 1556
::1 - - [13/Apr/2022:15:35:18 +0200] "POST /wp-admin/async-upload.php HTTP/1.1" 200 1388
::1 - - [13/Apr/2022:15:35:18 +0200] "GET /wp-content/uploads/2022/04/screenshot-300x104.png HTTP/1.1" 200 9964
::1 - - [13/Apr/2022:15:35:29 +0200] "POST /wp-admin/admin-ajax.php HTTP/1.1" 200 1409
::1 - - [13/Apr/2022:15:35:39 +0200] "GET /wp-content/uploads/2022/04/screenshot.png HTTP/1.1" 200 3783
::1 - - [13/Apr/2022:15:35:39 +0200] "GET /wp-includes/js/imgareaselect/border-anim-v.gif HTTP/1.1" 200 178
::1 - - [13/Apr/2022:15:35:39 +0200] "GET /wp-includes/js/imgareaselect/border-anim-h.gif HTTP/1.1" 200 178
::1 - - [13/Apr/2022:15:35:39 +0200] "GET /wp-admin/images/browser.png HTTP/1.1" 200 40626
::1 - - [13/Apr/2022:15:35:44 +0200] "POST /wp-admin/admin-ajax.php HTTP/1.1" 200 47
::1 - - [13/Apr/2022:15:35:45 +0200] "POST /wp-admin/admin-ajax.php HTTP/1.1" 200 1890
::1 - - [13/Apr/2022:15:35:46 +0200] "GET /wp-content/uploads/2022/04/cropped-screenshot.png HTTP/1.1" 200 37276
::1 - - [13/Apr/2022:15:36:05 +0200] "POST /wp-admin/admin-ajax.php HTTP/1.1" 200 155
::1 - - [13/Apr/2022:15:36:23 +0200] "POST /wp-admin/admin-ajax.php HTTP/1.1" 404 50
::1 - - [13/Apr/2022:15:36:23 +0200] "GET /wp-admin/edit.php?post_type=page HTTP/1.1" 200 54517
::1 - - [13/Apr/2022:15:36:23 +0200] "GET /wp-content/uploads/2022/04/cropped-screenshot-32x32.png HTTP/1.1" 200 1432
::1 - - [13/Apr/2022:15:36:23 +0200] "POST /wp-admin/admin-ajax.php HTTP/1.1" 200 47
::1 - - [13/Apr/2022:15:36:28 +0200] "GET /wp-admin/customize.php?return=%2Fwp-admin%2Fedit.php%3Fpost_type%3Dpage HTTP/1.1" 200 587899
::1 - - [13/Apr/2022:15:36:29 +0200] "GET /wp-content/uploads/2022/04/cropped-screenshot.png HTTP/1.1" 304 -
::1 - - [13/Apr/2022:15:36:29 +0200] "GET /wp-json/wp/v2/widget-types?context=edit&per_page=100&_locale=user HTTP/1.1" 200 5889
::1 - - [13/Apr/2022:15:36:29 +0200] "GET /wp-json/wp/v2/types?context=edit&_locale=user HTTP/1.1" 200 22314
::1 - - [13/Apr/2022:15:36:29 +0200] "GET /wp-json/wp/v2/taxonomies?context=edit&_locale=user HTTP/1.1" 200 7203
::1 - - [13/Apr/2022:15:36:29 +0200] "GET /?customize_changeset_uuid=f9f0c404-2f30-432b-943f-4e32f9ab4c0d&customize_theme=studi&customize_messenger_channel=preview-0 HTTP/1.1" 200 147
::1 - - [13/Apr/2022:15:36:43 +0200] "POST /wp-admin/admin-ajax.php HTTP/1.1" 200 47
::1 - - [13/Apr/2022:15:36:58 +0200] "POST /wp-admin/admin-ajax.php HTTP/1.1" 200 47
::1 - - [13/Apr/2022:15:37:13 +0200] "POST /wp-admin/admin-ajax.php HTTP/1.1" 200 47
::1 - - [13/Apr/2022:15:37:14 +0200] "GET /wp-admin/themes.php HTTP/1.1" 200 64529
::1 - - [13/Apr/2022:15:37:14 +0200] "GET /wp-content/themes/studi/screenshot.png HTTP/1.1" 304 -
::1 - - [13/Apr/2022:15:37:18 +0200] "GET /wp-admin/customize.php?return=%2Fwp-admin%2Fthemes.php HTTP/1.1" 200 587567
::1 - - [13/Apr/2022:15:37:19 +0200] "GET /wp-content/uploads/2022/04/cropped-screenshot.png HTTP/1.1" 304 -
::1 - - [13/Apr/2022:15:37:19 +0200] "GET /wp-json/wp/v2/widget-types?context=edit&per_page=100&_locale=user HTTP/1.1" 200 5889
::1 - - [13/Apr/2022:15:37:19 +0200] "GET /wp-json/wp/v2/types?context=edit&_locale=user HTTP/1.1" 200 22314
::1 - - [13/Apr/2022:15:37:19 +0200] "GET /wp-json/wp/v2/taxonomies?context=edit&_locale=user HTTP/1.1" 200 7203
::1 - - [13/Apr/2022:15:37:19 +0200] "GET /?customize_changeset_uuid=e73b1e23-024b-4bcc-a8f6-803beead1a64&customize_theme=studi&customize_messenger_channel=preview-0 HTTP/1.1" 200 147
::1 - - [13/Apr/2022:15:37:32 +0200] "POST /?customize_changeset_uuid=e73b1e23-024b-4bcc-a8f6-803beead1a64&customize_theme=studi&customize_messenger_channel=preview-1&customize_autosaved=on HTTP/1.1" 200 147
::1 - - [13/Apr/2022:15:38:06 +0200] "POST /?customize_changeset_uuid=e73b1e23-024b-4bcc-a8f6-803beead1a64&customize_theme=studi&customize_messenger_channel=preview-2&customize_autosaved=on HTTP/1.1" 200 142
::1 - - [13/Apr/2022:15:38:07 +0200] "POST /wp-admin/admin-ajax.php HTTP/1.1" 200 180
::1 - - [13/Apr/2022:15:38:12 +0200] "POST /wp-admin/admin-ajax.php HTTP/1.1" 404 50
::1 - - [13/Apr/2022:15:38:12 +0200] "GET /wp-admin/themes.php HTTP/1.1" 200 64529
::1 - - [13/Apr/2022:15:38:15 +0200] "GET /wp-admin/edit.php?post_type=page HTTP/1.1" 200 54566
::1 - - [13/Apr/2022:15:38:15 +0200] "POST /wp-admin/admin-ajax.php HTTP/1.1" 200 47
::1 - - [13/Apr/2022:15:38:22 +0200] "GET / HTTP/1.1" 200 142
::1 - - [13/Apr/2022:15:39:45 +0200] "POST /wp-admin/admin-ajax.php HTTP/1.1" 200 47
::1 - - [13/Apr/2022:15:39:53 +0200] "GET /wp-admin/post-new.php?post_type=page HTTP/1.1" 200 541579
::1 - - [13/Apr/2022:15:39:55 +0200] "GET /wp-json/wp/v2/blocks?context=edit&per_page=100&_locale=user HTTP/1.1" 200 2
::1 - - [13/Apr/2022:15:39:55 +0200] "GET /wp-json/?_locale=user HTTP/1.1" 200 185055
::1 - - [13/Apr/2022:15:39:55 +0200] "OPTIONS /wp-json/wp/v2/pages?_locale=user HTTP/1.1" 200 14280
::1 - - [13/Apr/2022:15:39:55 +0200] "GET /wp-json/wp/v2/users?context=view&who=authors&per_page=50&_fields=id%2Cname&_locale=user HTTP/1.1" 200 27
::1 - - [13/Apr/2022:15:39:55 +0200] "GET /wp-json/wp/v2/templates?context=edit&post_type=page&per_page=100&_locale=user HTTP/1.1" 200 2
::1 - - [13/Apr/2022:15:39:55 +0200] "OPTIONS /wp-json/wp/v2/templates?_locale=user HTTP/1.1" 200 5142
::1 - - [13/Apr/2022:15:39:55 +0200] "GET /wp-json/wp/v2/taxonomies?context=edit&per_page=100&_locale=user HTTP/1.1" 200 7203
::1 - - [13/Apr/2022:15:39:55 +0200] "GET /wp-json/wp/v2/pages/16?_locale=user HTTP/1.1" 200 1257
::1 - - [13/Apr/2022:15:39:55 +0200] "GET /wp-json/wp/v2/themes?context=edit&status=active&_locale=user HTTP/1.1" 200 1609
::1 - - [13/Apr/2022:15:39:55 +0200] "GET /wp-json/?_locale=user HTTP/1.1" 200 185055
::1 - - [13/Apr/2022:15:40:02 +0200] "GET /wp-json/wp/v2/taxonomies/post_tag?context=edit&_locale=user HTTP/1.1" 200 2358
::1 - - [13/Apr/2022:15:40:03 +0200] "POST /wp-json/wp/v2/pages/16?_locale=user HTTP/1.1" 200 1841
::1 - - [13/Apr/2022:15:40:07 +0200] "POST /wp-admin/admin-ajax.php HTTP/1.1" 200 1
::1 - - [13/Apr/2022:15:40:07 +0200] "GET /wp-admin/edit.php?post_type=page HTTP/1.1" 200 57636
::1 - - [13/Apr/2022:15:40:07 +0200] "POST /wp-admin/admin-ajax.php HTTP/1.1" 200 47
::1 - - [13/Apr/2022:15:40:09 +0200] "GET /wp-admin/edit.php?post_type=page HTTP/1.1" 200 57636
::1 - - [13/Apr/2022:15:40:10 +0200] "POST /wp-admin/admin-ajax.php HTTP/1.1" 200 47
::1 - - [13/Apr/2022:15:40:25 +0200] "POST /wp-admin/admin-ajax.php HTTP/1.1" 200 47
::1 - - [13/Apr/2022:15:42:25 +0200] "POST /wp-admin/admin-ajax.php HTTP/1.1" 200 47
::1 - - [13/Apr/2022:15:42:36 +0200] "GET / HTTP/1.1" 200 142
::1 - - [13/Apr/2022:15:42:54 +0200] "POST /wp-admin/admin-ajax.php HTTP/1.1" 200 47
::1 - - [13/Apr/2022:15:42:58 +0200] "GET /a-propos/ HTTP/1.1" 200 143
::1 - - [13/Apr/2022:15:43:07 +0200] "POST /wp-admin/admin-ajax.php HTTP/1.1" 200 47
::1 - - [13/Apr/2022:15:43:09 +0200] "GET /contact/ HTTP/1.1" 200 142
::1 - - [13/Apr/2022:15:44:38 +0200] "-" 408 -
127.0.0.1 - - [13/Apr/2022:15:56:51 +0200] "POST /wp-cron.php?doing_wp_cron=1649858211.2229731082916259765625 HTTP/1.1" 200 -
::1 - - [13/Apr/2022:15:56:51 +0200] "POST /wp-admin/admin-ajax.php HTTP/1.1" 200 47
::1 - - [13/Apr/2022:15:56:54 +0200] "GET /wp-admin/post.php?post=8&action=edit HTTP/1.1" 200 541602
::1 - - [13/Apr/2022:15:56:55 +0200] "GET /wp-json/?_locale=user HTTP/1.1" 200 185055
::1 - - [13/Apr/2022:15:56:55 +0200] "GET /wp-json/wp/v2/blocks?context=edit&per_page=100&_locale=user HTTP/1.1" 200 2
::1 - - [13/Apr/2022:15:56:55 +0200] "OPTIONS /wp-json/wp/v2/pages?_locale=user HTTP/1.1" 200 14280
::1 - - [13/Apr/2022:15:56:55 +0200] "GET /wp-json/wp/v2/users?context=view&who=authors&per_page=50&_fields=id%2Cname&_locale=user HTTP/1.1" 200 27
::1 - - [13/Apr/2022:15:56:55 +0200] "OPTIONS /wp-json/wp/v2/templates?_locale=user HTTP/1.1" 200 5142
::1 - - [13/Apr/2022:15:56:55 +0200] "GET /wp-json/wp/v2/templates?context=edit&post_type=page&per_page=100&_locale=user HTTP/1.1" 200 2
::1 - - [13/Apr/2022:15:56:55 +0200] "GET /wp-json/wp/v2/taxonomies?context=edit&per_page=100&_locale=user HTTP/1.1" 200 7203
::1 - - [13/Apr/2022:15:56:55 +0200] "GET /wp-json/wp/v2/pages/8?_locale=user HTTP/1.1" 200 1345
::1 - - [13/Apr/2022:15:56:55 +0200] "GET /wp-json/wp/v2/themes?context=edit&status=active&_locale=user HTTP/1.1" 200 1609
::1 - - [13/Apr/2022:15:56:55 +0200] "GET /wp-json/?_locale=user HTTP/1.1" 200 185055
::1 - - [13/Apr/2022:15:57:55 +0200] "POST /wp-admin/admin-ajax.php HTTP/1.1" 200 98
::1 - - [13/Apr/2022:15:58:55 +0200] "POST /wp-admin/admin-ajax.php HTTP/1.1" 200 98
::1 - - [13/Apr/2022:15:58:55 +0200] "POST /wp-admin/admin-ajax.php HTTP/1.1" 200 40
::1 - - [13/Apr/2022:15:58:58 +0200] "POST /wp-json/wp/v2/pages/8?_locale=user HTTP/1.1" 200 1814
::1 - - [13/Apr/2022:15:58:58 +0200] "POST /wp-admin/admin-ajax.php HTTP/1.1" 200 40
::1 - - [13/Apr/2022:15:59:01 +0200] "GET / HTTP/1.1" 200 22
::1 - - [13/Apr/2022:15:59:01 +0200] "POST /wp-admin/admin-ajax.php HTTP/1.1" 200 1
::1 - - [13/Apr/2022:16:00:01 +0200] "GET / HTTP/1.1" 200 72
::1 - - [13/Apr/2022:16:00:01 +0200] "GET /favicon.ico HTTP/1.1" 302 -
::1 - - [13/Apr/2022:16:00:01 +0200] "GET /wp-content/uploads/2022/04/cropped-screenshot-32x32.png HTTP/1.1" 304 -
::1 - - [13/Apr/2022:16:01:32 +0200] "-" 408 -
::1 - - [13/Apr/2022:16:02:10 +0200] "GET / HTTP/1.1" 200 96
::1 - - [13/Apr/2022:16:02:10 +0200] "GET /favicon.ico HTTP/1.1" 302 -
::1 - - [13/Apr/2022:16:02:12 +0200] "GET / HTTP/1.1" 200 96
::1 - - [13/Apr/2022:16:03:06 +0200] "GET /wp-admin/post.php?post=8&action=edit HTTP/1.1" 200 541505
::1 - - [13/Apr/2022:16:03:07 +0200] "GET /wp-json/?_locale=user HTTP/1.1" 200 185055
::1 - - [13/Apr/2022:16:03:07 +0200] "GET /wp-json/wp/v2/blocks?context=edit&per_page=100&_locale=user HTTP/1.1" 200 2
::1 - - [13/Apr/2022:16:03:07 +0200] "OPTIONS /wp-json/wp/v2/pages?_locale=user HTTP/1.1" 200 14280
::1 - - [13/Apr/2022:16:03:07 +0200] "GET /wp-json/wp/v2/users?context=view&who=authors&per_page=50&_fields=id%2Cname&_locale=user HTTP/1.1" 200 27
::1 - - [13/Apr/2022:16:03:07 +0200] "GET /wp-json/wp/v2/templates?context=edit&post_type=page&per_page=100&_locale=user HTTP/1.1" 200 2
::1 - - [13/Apr/2022:16:03:07 +0200] "OPTIONS /wp-json/wp/v2/templates?_locale=user HTTP/1.1" 200 5142
::1 - - [13/Apr/2022:16:03:07 +0200] "GET /wp-json/wp/v2/taxonomies?context=edit&per_page=100&_locale=user HTTP/1.1" 200 7203
::1 - - [13/Apr/2022:16:03:07 +0200] "GET /wp-json/wp/v2/pages/8?_locale=user HTTP/1.1" 200 1357
::1 - - [13/Apr/2022:16:03:08 +0200] "GET /wp-content/uploads/2022/04/cropped-screenshot-32x32.png HTTP/1.1" 304 -
::1 - - [13/Apr/2022:16:03:07 +0200] "GET /wp-json/?_locale=user HTTP/1.1" 200 185055
::1 - - [13/Apr/2022:16:03:07 +0200] "GET /wp-json/wp/v2/themes?context=edit&status=active&_locale=user HTTP/1.1" 200 1609
::1 - - [13/Apr/2022:16:03:20 +0200] "POST /wp-admin/admin-ajax.php HTTP/1.1" 200 1
::1 - - [13/Apr/2022:16:03:20 +0200] "GET /wp-admin/edit.php?post_type=page HTTP/1.1" 200 57641
::1 - - [13/Apr/2022:16:03:21 +0200] "POST /wp-admin/admin-ajax.php HTTP/1.1" 200 47
::1 - - [13/Apr/2022:16:03:23 +0200] "GET /wp-admin/post.php?post=5&action=edit HTTP/1.1" 200 541640
::1 - - [13/Apr/2022:16:03:24 +0200] "GET /wp-json/wp/v2/blocks?context=edit&per_page=100&_locale=user HTTP/1.1" 200 2
::1 - - [13/Apr/2022:16:03:24 +0200] "GET /wp-json/?_locale=user HTTP/1.1" 200 185055
::1 - - [13/Apr/2022:16:03:24 +0200] "OPTIONS /wp-json/wp/v2/pages?_locale=user HTTP/1.1" 200 14280
::1 - - [13/Apr/2022:16:03:24 +0200] "GET /wp-json/wp/v2/users?context=view&who=authors&per_page=50&_fields=id%2Cname&_locale=user HTTP/1.1" 200 27
::1 - - [13/Apr/2022:16:03:24 +0200] "GET /wp-json/wp/v2/templates?context=edit&post_type=page&per_page=100&_locale=user HTTP/1.1" 200 2
::1 - - [13/Apr/2022:16:03:24 +0200] "OPTIONS /wp-json/wp/v2/templates?_locale=user HTTP/1.1" 200 5142
::1 - - [13/Apr/2022:16:03:24 +0200] "GET /wp-json/wp/v2/taxonomies?context=edit&per_page=100&_locale=user HTTP/1.1" 200 7203
::1 - - [13/Apr/2022:16:03:24 +0200] "GET /wp-json/wp/v2/pages/5?_locale=user HTTP/1.1" 200 1354
::1 - - [13/Apr/2022:16:03:24 +0200] "GET /wp-json/?_locale=user HTTP/1.1" 200 185055
::1 - - [13/Apr/2022:16:03:24 +0200] "GET /wp-json/wp/v2/themes?context=edit&status=active&_locale=user HTTP/1.1" 200 1609
::1 - - [13/Apr/2022:16:03:28 +0200] "POST /wp-admin/admin-ajax.php HTTP/1.1" 200 40
::1 - - [13/Apr/2022:16:03:42 +0200] "GET /contact/ HTTP/1.1" 200 142
::1 - - [13/Apr/2022:16:04:05 +0200] "POST /wp-admin/admin-ajax.php HTTP/1.1" 200 1
::1 - - [13/Apr/2022:16:04:11 +0200] "GET /wp-admin/edit.php?post_type=page HTTP/1.1" 200 57641
::1 - - [13/Apr/2022:16:04:12 +0200] "POST /wp-admin/admin-ajax.php HTTP/1.1" 200 47
::1 - - [13/Apr/2022:16:04:16 +0200] "GET / HTTP/1.1" 200 127
::1 - - [13/Apr/2022:16:04:17 +0200] "GET /contact/ HTTP/1.1" 200 142
::1 - - [13/Apr/2022:16:04:26 +0200] "POST /wp-admin/admin-ajax.php HTTP/1.1" 200 47
::1 - - [13/Apr/2022:16:04:42 +0200] "POST /wp-admin/admin-ajax.php HTTP/1.1" 200 47
::1 - - [13/Apr/2022:16:06:00 +0200] "GET /contact/ HTTP/1.1" 200 142
::1 - - [13/Apr/2022:16:06:00 +0200] "GET /favicon.ico HTTP/1.1" 302 -
::1 - - [13/Apr/2022:16:06:00 +0200] "GET /wp-content/uploads/2022/04/cropped-screenshot-32x32.png HTTP/1.1" 304 -
::1 - - [13/Apr/2022:16:06:02 +0200] "GET /contact/ HTTP/1.1" 200 142
::1 - - [13/Apr/2022:16:06:02 +0200] "GET /favicon.ico HTTP/1.1" 302 -
::1 - - [13/Apr/2022:16:06:10 +0200] "POST /wp-admin/admin-ajax.php HTTP/1.1" 200 47
::1 - - [13/Apr/2022:16:06:12 +0200] "GET /wp-admin/post.php?post=5&action=edit HTTP/1.1" 200 541640
::1 - - [13/Apr/2022:16:06:13 +0200] "GET /wp-json/wp/v2/blocks?context=edit&per_page=100&_locale=user HTTP/1.1" 200 2
::1 - - [13/Apr/2022:16:06:13 +0200] "GET /wp-json/?_locale=user HTTP/1.1" 200 185055
::1 - - [13/Apr/2022:16:06:13 +0200] "OPTIONS /wp-json/wp/v2/pages?_locale=user HTTP/1.1" 200 14280
::1 - - [13/Apr/2022:16:06:13 +0200] "GET /wp-json/wp/v2/users?context=view&who=authors&per_page=50&_fields=id%2Cname&_locale=user HTTP/1.1" 200 27
::1 - - [13/Apr/2022:16:06:13 +0200] "OPTIONS /wp-json/wp/v2/templates?_locale=user HTTP/1.1" 200 5142
::1 - - [13/Apr/2022:16:06:13 +0200] "GET /wp-json/wp/v2/templates?context=edit&post_type=page&per_page=100&_locale=user HTTP/1.1" 200 2
::1 - - [13/Apr/2022:16:06:13 +0200] "GET /wp-json/?_locale=user HTTP/1.1" 200 185055
::1 - - [13/Apr/2022:16:06:13 +0200] "GET /wp-json/wp/v2/taxonomies?context=edit&per_page=100&_locale=user HTTP/1.1" 200 7203
::1 - - [13/Apr/2022:16:06:14 +0200] "GET /wp-json/wp/v2/pages/5?_locale=user HTTP/1.1" 200 1354
::1 - - [13/Apr/2022:16:06:14 +0200] "GET /wp-json/wp/v2/themes?context=edit&status=active&_locale=user HTTP/1.1" 200 1609
::1 - - [13/Apr/2022:16:06:19 +0200] "POST /wp-admin/admin-ajax.php HTTP/1.1" 200 40
::1 - - [13/Apr/2022:16:06:21 +0200] "POST /wp-json/wp/v2/pages/5?_locale=user HTTP/1.1" 200 1838
::1 - - [13/Apr/2022:16:06:21 +0200] "POST /wp-admin/admin-ajax.php HTTP/1.1" 200 40
::1 - - [13/Apr/2022:16:06:25 +0200] "GET /contact/ HTTP/1.1" 200 86
::1 - - [13/Apr/2022:16:06:25 +0200] "GET /favicon.ico HTTP/1.1" 302 -
::1 - - [13/Apr/2022:16:06:27 +0200] "GET / HTTP/1.1" 200 127
::1 - - [13/Apr/2022:16:06:29 +0200] "GET /contact/ HTTP/1.1" 200 86
::1 - - [13/Apr/2022:16:06:30 +0200] "GET / HTTP/1.1" 200 127
::1 - - [13/Apr/2022:16:07:14 +0200] "POST /wp-admin/admin-ajax.php HTTP/1.1" 200 98
::1 - - [13/Apr/2022:16:08:20 +0200] "GET / HTTP/1.1" 200 127
::1 - - [13/Apr/2022:16:08:20 +0200] "GET /favicon.ico HTTP/1.1" 302 -
::1 - - [13/Apr/2022:16:08:21 +0200] "GET /contact/ HTTP/1.1" 200 153
::1 - - [13/Apr/2022:16:08:45 +0200] "GET /contact/ HTTP/1.1" 200 154
::1 - - [13/Apr/2022:16:08:45 +0200] "GET /favicon.ico HTTP/1.1" 302 -
::1 - - [13/Apr/2022:16:08:46 +0200] "GET / HTTP/1.1" 200 128
::1 - - [13/Apr/2022:16:08:48 +0200] "GET /contact/ HTTP/1.1" 200 154
::1 - - [13/Apr/2022:16:08:49 +0200] "GET / HTTP/1.1" 200 128
::1 - - [13/Apr/2022:16:09:07 +0200] "GET / HTTP/1.1" 200 128
::1 - - [13/Apr/2022:16:09:07 +0200] "GET /favicon.ico HTTP/1.1" 302 -
::1 - - [13/Apr/2022:16:09:08 +0200] "GET /wp-content/uploads/2022/04/cropped-screenshot-32x32.png HTTP/1.1" 304 -
::1 - - [13/Apr/2022:16:09:09 +0200] "GET /contact/ HTTP/1.1" 200 178
::1 - - [13/Apr/2022:16:09:11 +0200] "GET / HTTP/1.1" 200 128
::1 - - [13/Apr/2022:16:09:12 +0200] "GET /contact/ HTTP/1.1" 200 178
::1 - - [13/Apr/2022:16:09:15 +0200] "POST /wp-admin/admin-ajax.php HTTP/1.1" 200 98
::1 - - [13/Apr/2022:16:10:39 +0200] "-" 408 -
::1 - - [13/Apr/2022:16:11:16 +0200] "POST /wp-admin/admin-ajax.php HTTP/1.1" 200 98
::1 - - [13/Apr/2022:16:13:17 +0200] "POST /wp-admin/admin-ajax.php HTTP/1.1" 200 98
::1 - - [13/Apr/2022:16:14:47 +0200] "POST /wp-admin/admin-ajax.php HTTP/1.1" 200 98
::1 - - [13/Apr/2022:16:14:49 +0200] "POST /wp-admin/admin-ajax.php HTTP/1.1" 200 1
::1 - - [13/Apr/2022:16:14:49 +0200] "GET /wp-admin/edit.php?post_type=page HTTP/1.1" 200 57649
::1 - - [13/Apr/2022:16:14:49 +0200] "POST /wp-admin/admin-ajax.php HTTP/1.1" 200 47
::1 - - [13/Apr/2022:16:15:04 +0200] "GET /wp-admin/post-new.php?post_type=page HTTP/1.1" 200 541579
::1 - - [13/Apr/2022:16:15:05 +0200] "GET /wp-json/wp/v2/blocks?context=edit&per_page=100&_locale=user HTTP/1.1" 200 2
::1 - - [13/Apr/2022:16:15:05 +0200] "GET /wp-json/?_locale=user HTTP/1.1" 200 185055
::1 - - [13/Apr/2022:16:15:05 +0200] "OPTIONS /wp-json/wp/v2/pages?_locale=user HTTP/1.1" 200 14280
::1 - - [13/Apr/2022:16:15:05 +0200] "GET /wp-json/wp/v2/users?context=view&who=authors&per_page=50&_fields=id%2Cname&_locale=user HTTP/1.1" 200 27
::1 - - [13/Apr/2022:16:15:05 +0200] "GET /wp-json/wp/v2/templates?context=edit&post_type=page&per_page=100&_locale=user HTTP/1.1" 200 2
::1 - - [13/Apr/2022:16:15:05 +0200] "OPTIONS /wp-json/wp/v2/templates?_locale=user HTTP/1.1" 200 5142
::1 - - [13/Apr/2022:16:15:05 +0200] "GET /wp-json/wp/v2/taxonomies?context=edit&per_page=100&_locale=user HTTP/1.1" 200 7203
::1 - - [13/Apr/2022:16:15:05 +0200] "GET /wp-json/wp/v2/pages/18?_locale=user HTTP/1.1" 200 1257
::1 - - [13/Apr/2022:16:15:05 +0200] "GET /wp-json/?_locale=user HTTP/1.1" 200 185055
::1 - - [13/Apr/2022:16:15:05 +0200] "GET /wp-json/wp/v2/themes?context=edit&status=active&_locale=user HTTP/1.1" 200 1609
::1 - - [13/Apr/2022:16:15:16 +0200] "POST /wp-admin/admin-ajax.php HTTP/1.1" 200 40
::1 - - [13/Apr/2022:16:15:19 +0200] "GET /wp-json/wp/v2/taxonomies/post_tag?context=edit&_locale=user HTTP/1.1" 200 2358
::1 - - [13/Apr/2022:16:15:21 +0200] "POST /wp-json/wp/v2/pages/18?_locale=user HTTP/1.1" 200 1845
::1 - - [13/Apr/2022:16:15:21 +0200] "POST /wp-admin/admin-ajax.php HTTP/1.1" 200 40
::1 - - [13/Apr/2022:16:15:23 +0200] "GET /page-a/ HTTP/1.1" 200 90
::1 - - [13/Apr/2022:16:15:23 +0200] "POST /wp-admin/admin-ajax.php HTTP/1.1" 200 1
::1 - - [13/Apr/2022:16:15:58 +0200] "GET /page-a/ HTTP/1.1" 200 86
::1 - - [13/Apr/2022:16:15:59 +0200] "GET /favicon.ico HTTP/1.1" 302 -
::1 - - [13/Apr/2022:16:15:59 +0200] "GET /wp-content/uploads/2022/04/cropped-screenshot-32x32.png HTTP/1.1" 304 -
::1 - - [13/Apr/2022:16:15:59 +0200] "GET / HTTP/1.1" 200 128
::1 - - [13/Apr/2022:16:17:08 +0200] "GET /page-a/ HTTP/1.1" 200 86
::1 - - [13/Apr/2022:16:17:08 +0200] "GET /favicon.ico HTTP/1.1" 302 -
::1 - - [13/Apr/2022:16:17:09 +0200] "GET / HTTP/1.1" 200 195
::1 - - [13/Apr/2022:16:17:11 +0200] "GET /page-a/ HTTP/1.1" 200 86
::1 - - [13/Apr/2022:16:17:12 +0200] "GET / HTTP/1.1" 200 195
::1 - - [13/Apr/2022:16:17:13 +0200] "GET /contact/ HTTP/1.1" 200 178
::1 - - [13/Apr/2022:16:17:15 +0200] "GET / HTTP/1.1" 200 195
::1 - - [13/Apr/2022:16:17:19 +0200] "GET /page-a/ HTTP/1.1" 200 86
::1 - - [13/Apr/2022:16:18:40 +0200] "-" 408 -
::1 - - [13/Apr/2022:16:22:34 +0200] "GET /wp-admin/post.php?post=18&action=edit HTTP/1.1" 200 541674
::1 - - [13/Apr/2022:16:22:35 +0200] "GET /wp-admin/post.php?post=18&action=edit HTTP/1.1" 200 541564
::1 - - [13/Apr/2022:16:22:36 +0200] "GET /wp-json/wp/v2/blocks?context=edit&per_page=100&_locale=user HTTP/1.1" 200 2
::1 - - [13/Apr/2022:16:22:36 +0200] "GET /wp-json/?_locale=user HTTP/1.1" 200 185055
::1 - - [13/Apr/2022:16:22:36 +0200] "OPTIONS /wp-json/wp/v2/pages?_locale=user HTTP/1.1" 200 14280
::1 - - [13/Apr/2022:16:22:37 +0200] "GET /wp-json/wp/v2/users?context=view&who=authors&per_page=50&_fields=id%2Cname&_locale=user HTTP/1.1" 200 27
::1 - - [13/Apr/2022:16:22:37 +0200] "GET /wp-json/wp/v2/templates?context=edit&post_type=page&per_page=100&_locale=user HTTP/1.1" 200 2
::1 - - [13/Apr/2022:16:22:37 +0200] "OPTIONS /wp-json/wp/v2/templates?_locale=user HTTP/1.1" 200 5142
::1 - - [13/Apr/2022:16:22:37 +0200] "GET /wp-json/wp/v2/taxonomies?context=edit&per_page=100&_locale=user HTTP/1.1" 200 7203
::1 - - [13/Apr/2022:16:22:37 +0200] "GET /wp-json/wp/v2/pages/18?_locale=user HTTP/1.1" 200 1374
::1 - - [13/Apr/2022:16:22:37 +0200] "GET /wp-content/uploads/2022/04/cropped-screenshot-32x32.png HTTP/1.1" 304 -
::1 - - [13/Apr/2022:16:22:37 +0200] "GET /wp-json/?_locale=user HTTP/1.1" 200 185055
::1 - - [13/Apr/2022:16:22:37 +0200] "GET /wp-json/wp/v2/themes?context=edit&status=active&_locale=user HTTP/1.1" 200 1609
::1 - - [13/Apr/2022:16:22:38 +0200] "POST /wp-admin/admin-ajax.php HTTP/1.1" 200 1
::1 - - [13/Apr/2022:16:22:38 +0200] "GET /wp-admin/edit.php?post_type=page HTTP/1.1" 200 60700
::1 - - [13/Apr/2022:16:22:38 +0200] "POST /wp-admin/admin-ajax.php HTTP/1.1" 200 47
::1 - - [13/Apr/2022:16:22:42 +0200] "GET /wp-admin/edit.php?post_type=acf-field-group HTTP/1.1" 200 41466
::1 - - [13/Apr/2022:16:22:43 +0200] "GET /wp-content/plugins/advanced-custom-fields/assets/images/icon-upgrade-pro.svg HTTP/1.1" 200 936
::1 - - [13/Apr/2022:16:22:43 +0200] "POST /wp-admin/admin-ajax.php HTTP/1.1" 200 47
::1 - - [13/Apr/2022:16:22:58 +0200] "POST /wp-admin/admin-ajax.php HTTP/1.1" 200 47
::1 - - [13/Apr/2022:16:24:00 +0200] "POST /wp-admin/admin-ajax.php HTTP/1.1" 200 47
::1 - - [13/Apr/2022:16:24:15 +0200] "POST /wp-admin/admin-ajax.php HTTP/1.1" 200 47
::1 - - [13/Apr/2022:16:24:21 +0200] "GET /wp-admin/edit.php?post_type=acf-field-group HTTP/1.1" 200 41466
::1 - - [13/Apr/2022:16:24:21 +0200] "POST /wp-admin/admin-ajax.php HTTP/1.1" 200 47
::1 - - [13/Apr/2022:16:24:36 +0200] "POST /wp-admin/admin-ajax.php HTTP/1.1" 200 47
::1 - - [13/Apr/2022:16:24:44 +0200] "GET /wp-admin/load-styles.php?c=0&dir=ltr&load%5Bchunk_0%5D=dashicons,admin-bar,common,forms,admin-menu,dashboard,list-tables,edit,revisions,media,themes,about,nav-menus,wp-pointer,widgets&load%5Bchunk_1%5D=,site-icon,l10n,buttons,wp-auth-check,wp-color-picker&ver=5.9.3 HTTP/1.1" 200 388685
::1 - - [13/Apr/2022:16:24:44 +0200] "GET /wp-admin/post-new.php?post_type=acf-field-group HTTP/1.1" 200 95178
::1 - - [13/Apr/2022:16:24:44 +0200] "GET /wp-content/plugins/advanced-custom-fields/assets/build/css/acf-field-group.css?ver=5.12.2 HTTP/1.1" 200 13470
::1 - - [13/Apr/2022:16:24:44 +0200] "GET /wp-content/plugins/advanced-custom-fields/assets/build/js/acf-field-group.min.js?ver=5.12.2 HTTP/1.1" 200 25798
::1 - - [13/Apr/2022:16:24:44 +0200] "GET /wp-includes/js/jquery/suggest.min.js?ver=1.1-20110113 HTTP/1.1" 200 2993
::1 - - [13/Apr/2022:16:24:44 +0200] "GET /wp-admin/js/tags-box.min.js?ver=5.9.3 HTTP/1.1" 200 3077
::1 - - [13/Apr/2022:16:24:44 +0200] "GET /wp-admin/js/word-count.min.js?ver=5.9.3 HTTP/1.1" 200 1535
::1 - - [13/Apr/2022:16:24:44 +0200] "GET /wp-admin/js/post.min.js?ver=5.9.3 HTTP/1.1" 200 19146
::1 - - [13/Apr/2022:16:25:45 +0200] "POST /wp-admin/admin-ajax.php HTTP/1.1" 200 47
::1 - - [13/Apr/2022:16:27:12 +0200] "POST /wp-admin/admin-ajax.php HTTP/1.1" 200 47
::1 - - [13/Apr/2022:16:28:12 +0200] "POST /wp-admin/admin-ajax.php HTTP/1.1" 200 47
::1 - - [13/Apr/2022:16:30:12 +0200] "POST /wp-admin/admin-ajax.php HTTP/1.1" 200 47
::1 - - [13/Apr/2022:16:32:12 +0200] "POST /wp-admin/admin-ajax.php HTTP/1.1" 200 47
::1 - - [13/Apr/2022:16:33:13 +0200] "POST /wp-admin/admin-ajax.php HTTP/1.1" 200 47
::1 - - [13/Apr/2022:16:33:21 +0200] "GET /contact/ HTTP/1.1" 200 178
::1 - - [13/Apr/2022:16:33:23 +0200] "GET / HTTP/1.1" 200 195
::1 - - [13/Apr/2022:16:33:24 +0200] "GET /page-a/ HTTP/1.1" 200 86
::1 - - [13/Apr/2022:16:33:25 +0200] "GET / HTTP/1.1" 200 195
::1 - - [13/Apr/2022:16:33:27 +0200] "GET /contact/ HTTP/1.1" 200 178
::1 - - [13/Apr/2022:16:33:29 +0200] "GET / HTTP/1.1" 200 195
::1 - - [13/Apr/2022:16:34:14 +0200] "POST /wp-admin/admin-ajax.php HTTP/1.1" 200 47
::1 - - [13/Apr/2022:16:36:15 +0200] "POST /wp-admin/admin-ajax.php HTTP/1.1" 200 47
::1 - - [13/Apr/2022:16:38:16 +0200] "POST /wp-admin/admin-ajax.php HTTP/1.1" 200 47
::1 - - [13/Apr/2022:16:40:17 +0200] "POST /wp-admin/admin-ajax.php HTTP/1.1" 200 47
::1 - - [13/Apr/2022:16:42:18 +0200] "POST /wp-admin/admin-ajax.php HTTP/1.1" 200 47
::1 - - [13/Apr/2022:16:44:59 +0200] "POST /wp-admin/admin-ajax.php HTTP/1.1" 200 47
::1 - - [13/Apr/2022:16:45:02 +0200] "GET /wp-admin/customize.php?return=%2Fwp-admin%2Fpost-new.php%3Fpost_type%3Dacf-field-group HTTP/1.1" 200 588460
::1 - - [13/Apr/2022:16:45:01 +0200] "GET /wp-admin/themes.php HTTP/1.1" 200 16129
::1 - - [13/Apr/2022:16:45:03 +0200] "GET /wp-content/uploads/2022/04/cropped-screenshot.png HTTP/1.1" 304 -
::1 - - [13/Apr/2022:16:45:03 +0200] "GET /wp-json/wp/v2/widget-types?context=edit&per_page=100&_locale=user HTTP/1.1" 200 5889
::1 - - [13/Apr/2022:16:45:03 +0200] "GET /wp-json/wp/v2/types?context=edit&_locale=user HTTP/1.1" 200 22314
::1 - - [13/Apr/2022:16:45:03 +0200] "GET /wp-json/wp/v2/taxonomies?context=edit&_locale=user HTTP/1.1" 200 7203
::1 - - [13/Apr/2022:16:45:03 +0200] "GET /?customize_changeset_uuid=2be06d01-1f5f-45b9-9a5b-b4a5d66db8a8&customize_theme=studi&customize_messenger_channel=preview-0 HTTP/1.1" 200 195
::1 - - [13/Apr/2022:16:46:03 +0200] "POST /wp-admin/admin-ajax.php HTTP/1.1" 200 47
::1 - - [13/Apr/2022:16:47:03 +0200] "POST /wp-admin/admin-ajax.php HTTP/1.1" 200 47
::1 - - [13/Apr/2022:16:49:03 +0200] "POST /wp-admin/admin-ajax.php HTTP/1.1" 200 47
::1 - - [13/Apr/2022:16:51:03 +0200] "POST /wp-admin/admin-ajax.php HTTP/1.1" 200 47
::1 - - [13/Apr/2022:16:53:03 +0200] "POST /wp-admin/admin-ajax.php HTTP/1.1" 200 47
::1 - - [13/Apr/2022:16:55:03 +0200] "POST /wp-admin/admin-ajax.php HTTP/1.1" 200 47
::1 - - [13/Apr/2022:16:57:09 +0200] "POST /wp-admin/admin-ajax.php HTTP/1.1" 200 47
::1 - - [13/Apr/2022:16:58:10 +0200] "POST /wp-admin/admin-ajax.php HTTP/1.1" 200 47
::1 - - [13/Apr/2022:17:00:11 +0200] "POST /wp-admin/admin-ajax.php HTTP/1.1" 200 47
::1 - - [13/Apr/2022:17:02:12 +0200] "POST /wp-admin/admin-ajax.php HTTP/1.1" 200 47
::1 - - [13/Apr/2022:17:04:13 +0200] "POST /wp-admin/admin-ajax.php HTTP/1.1" 200 47
::1 - - [13/Apr/2022:17:06:14 +0200] "POST /wp-admin/admin-ajax.php HTTP/1.1" 200 47
127.0.0.1 - - [14/Apr/2022:14:07:33 +0200] "POST /wp-cron.php?doing_wp_cron=1649938053.1331839561462402343750 HTTP/1.1" 200 -
127.0.0.1 - - [14/Apr/2022:14:07:32 +0200] "GET /wp-admin/ HTTP/1.1" 302 -
127.0.0.1 - - [14/Apr/2022:14:07:33 +0200] "\x16\x03\x01" 400 226
127.0.0.1 - - [14/Apr/2022:14:07:33 +0200] "\x16\x03\x01" 400 226
127.0.0.1 - - [14/Apr/2022:14:07:33 +0200] "GET /wp-login.php?redirect_to=http%3A%2F%2Flocalhost%3A10013%2Fwp-admin%2F&reauth=1 HTTP/1.1" 200 8689
127.0.0.1 - - [14/Apr/2022:14:07:34 +0200] "GET /wp-includes/css/buttons.min.css?ver=5.9.3 HTTP/1.1" 200 5854
127.0.0.1 - - [14/Apr/2022:14:07:34 +0200] "GET /wp-admin/css/login.min.css?ver=5.9.3 HTTP/1.1" 200 6315
127.0.0.1 - - [14/Apr/2022:14:07:34 +0200] "GET /wp-admin/css/forms.min.css?ver=5.9.3 HTTP/1.1" 200 25369
127.0.0.1 - - [14/Apr/2022:14:07:34 +0200] "GET /wp-admin/css/l10n.min.css?ver=5.9.3 HTTP/1.1" 200 2477
127.0.0.1 - - [14/Apr/2022:14:07:35 +0200] "GET /wp-includes/js/jquery/jquery.min.js?ver=3.6.0 HTTP/1.1" 200 89521
127.0.0.1 - - [14/Apr/2022:14:07:35 +0200] "GET /wp-admin/images/wordpress-logo.svg?ver=20131107 HTTP/1.1" 200 1521
127.0.0.1 - - [14/Apr/2022:14:07:35 +0200] "GET /wp-content/uploads/2022/04/cropped-screenshot-192x192.png HTTP/1.1" 200 11105
127.0.0.1 - - [14/Apr/2022:14:07:35 +0200] "GET /wp-content/uploads/2022/04/cropped-screenshot-32x32.png HTTP/1.1" 200 1432
::1 - - [14/Apr/2022:14:08:03 +0200] "GET /wp-login.php?redirect_to=http%3A%2F%2Flocalhost%3A10013%2Fwp-admin%2F&reauth=1 HTTP/1.1" 200 8689
::1 - - [14/Apr/2022:14:08:05 +0200] "POST /wp-login.php HTTP/1.1" 302 -
::1 - - [14/Apr/2022:14:08:05 +0200] "GET /wp-content/plugins/advanced-custom-fields/assets/build/css/acf-global.css?ver=5.12.2 HTTP/1.1" 304 -
::1 - - [14/Apr/2022:14:08:05 +0200] "GET /wp-admin/ HTTP/1.1" 200 82601
::1 - - [14/Apr/2022:14:08:06 +0200] "POST /wp-admin/admin-ajax.php HTTP/1.1" 200 817
::1 - - [14/Apr/2022:14:08:06 +0200] "GET /wp-admin/admin-ajax.php?action=dashboard-widgets&widget=dashboard_primary&pagenow=dashboard HTTP/1.1" 200 655
::1 - - [14/Apr/2022:14:09:06 +0200] "POST /wp-admin/admin-ajax.php HTTP/1.1" 200 47
::1 - - [14/Apr/2022:14:11:06 +0200] "POST /wp-admin/admin-ajax.php HTTP/1.1" 200 47
::1 - - [14/Apr/2022:14:13:06 +0200] "POST /wp-admin/admin-ajax.php HTTP/1.1" 200 47
::1 - - [14/Apr/2022:14:15:06 +0200] "POST /wp-admin/admin-ajax.php HTTP/1.1" 200 47
::1 - - [14/Apr/2022:14:17:06 +0200] "POST /wp-admin/admin-ajax.php HTTP/1.1" 200 47
::1 - - [14/Apr/2022:14:19:06 +0200] "POST /wp-admin/admin-ajax.php HTTP/1.1" 200 47
::1 - - [14/Apr/2022:14:20:11 +0200] "POST /wp-admin/admin-ajax.php HTTP/1.1" 200 47
::1 - - [14/Apr/2022:14:21:11 +0200] "POST /wp-admin/admin-ajax.php HTTP/1.1" 200 47
::1 - - [14/Apr/2022:14:23:11 +0200] "POST /wp-admin/admin-ajax.php HTTP/1.1" 200 47
::1 - - [14/Apr/2022:14:25:11 +0200] "POST /wp-admin/admin-ajax.php HTTP/1.1" 200 47
::1 - - [14/Apr/2022:14:27:11 +0200] "POST /wp-admin/admin-ajax.php HTTP/1.1" 200 47
::1 - - [14/Apr/2022:14:29:11 +0200] "POST /wp-admin/admin-ajax.php HTTP/1.1" 200 47
127.0.0.1 - - [14/Apr/2022:16:00:42 +0200] "POST /wp-cron.php?doing_wp_cron=1649944842.4127249717712402343750 HTTP/1.1" 200 -
::1 - - [14/Apr/2022:16:00:42 +0200] "POST /wp-admin/admin-ajax.php HTTP/1.1" 200 47
127.0.0.1 - - [14/Apr/2022:16:00:42 +0200] "\x16\x03\x01" 400 226
127.0.0.1 - - [14/Apr/2022:16:00:42 +0200] "\x16\x03\x01" 400 226
::1 - - [14/Apr/2022:16:00:52 +0200] "GET /wp-admin/edit.php?post_type=page HTTP/1.1" 200 60700
::1 - - [14/Apr/2022:16:00:52 +0200] "POST /wp-admin/admin-ajax.php HTTP/1.1" 200 47
::1 - - [14/Apr/2022:16:00:55 +0200] "GET /wp-admin/post.php?post=8&action=edit HTTP/1.1" 200 32497
::1 - - [14/Apr/2022:16:00:57 +0200] "GET /wp-admin/post.php?post=8&action=edit HTTP/1.1" 200 541615
::1 - - [14/Apr/2022:16:00:58 +0200] "GET /wp-content/plugins/advanced-custom-fields/assets/build/css/acf-input.css?ver=5.12.2 HTTP/1.1" 304 -
::1 - - [14/Apr/2022:16:00:58 +0200] "GET /wp-content/plugins/advanced-custom-fields/assets/inc/select2/4/select2.min.css?ver=4.0.13 HTTP/1.1" 304 -
::1 - - [14/Apr/2022:16:00:58 +0200] "GET /wp-content/plugins/advanced-custom-fields/assets/inc/datepicker/jquery-ui.min.css?ver=1.11.4 HTTP/1.1" 304 -
::1 - - [14/Apr/2022:16:00:58 +0200] "GET /wp-content/plugins/advanced-custom-fields/assets/inc/timepicker/jquery-ui-timepicker-addon.min.css?ver=1.6.1 HTTP/1.1" 304 -
::1 - - [14/Apr/2022:16:00:58 +0200] "GET /wp-content/plugins/advanced-custom-fields/assets/build/js/acf.min.js?ver=5.12.2 HTTP/1.1" 304 -
::1 - - [14/Apr/2022:16:00:58 +0200] "GET /wp-content/plugins/advanced-custom-fields/assets/build/js/acf-input.min.js?ver=5.12.2 HTTP/1.1" 304 -
::1 - - [14/Apr/2022:16:00:58 +0200] "GET /wp-content/plugins/advanced-custom-fields/assets/inc/select2/4/select2.full.min.js?ver=4.0.13 HTTP/1.1" 304 -
::1 - - [14/Apr/2022:16:00:58 +0200] "GET /wp-content/plugins/advanced-custom-fields/assets/inc/timepicker/jquery-ui-timepicker-addon.min.js?ver=1.6.1 HTTP/1.1" 304 -
::1 - - [14/Apr/2022:16:00:58 +0200] "GET /wp-includes/js/dist/block-library.min.js?ver=4febd9bfe9a5c1c90afc11dcd9ceb5cf HTTP/1.1" 304 -
::1 - - [14/Apr/2022:16:00:58 +0200] "GET /wp-content/plugins/advanced-custom-fields/assets/inc/color-picker-alpha/wp-color-picker-alpha.js?ver=3.0.0 HTTP/1.1" 304 -
::1 - - [14/Apr/2022:16:00:58 +0200] "GET /wp-includes/js/dist/edit-post.min.js?ver=02d3a879f3ce2f428ef847364697ca76 HTTP/1.1" 304 -
::1 - - [14/Apr/2022:16:00:59 +0200] "GET /wp-json/?_locale=user HTTP/1.1" 200 185055
::1 - - [14/Apr/2022:16:00:59 +0200] "GET /wp-json/wp/v2/blocks?context=edit&per_page=100&_locale=user HTTP/1.1" 200 2
::1 - - [14/Apr/2022:16:00:59 +0200] "OPTIONS /wp-json/wp/v2/pages?_locale=user HTTP/1.1" 200 14280
::1 - - [14/Apr/2022:16:00:59 +0200] "GET /wp-json/wp/v2/users?context=view&who=authors&per_page=50&_fields=id%2Cname&_locale=user HTTP/1.1" 200 27
::1 - - [14/Apr/2022:16:00:59 +0200] "GET /wp-json/wp/v2/templates?context=edit&post_type=page&per_page=100&_locale=user HTTP/1.1" 200 2
::1 - - [14/Apr/2022:16:00:59 +0200] "OPTIONS /wp-json/wp/v2/templates?_locale=user HTTP/1.1" 200 5142
::1 - - [14/Apr/2022:16:00:59 +0200] "GET /wp-json/wp/v2/taxonomies?context=edit&per_page=100&_locale=user HTTP/1.1" 200 7203
::1 - - [14/Apr/2022:16:00:59 +0200] "GET /wp-json/?_locale=user HTTP/1.1" 200 185055
::1 - - [14/Apr/2022:16:00:59 +0200] "GET /wp-json/wp/v2/pages/8?_locale=user HTTP/1.1" 200 1357
::1 - - [14/Apr/2022:16:00:59 +0200] "GET /wp-json/wp/v2/themes?context=edit&status=active&_locale=user HTTP/1.1" 200 1609
::1 - - [14/Apr/2022:16:01:43 +0200] "GET /wp-includes/css/dist/block-editor/style.min.css?ver=5.9.3 HTTP/1.1" 200 111974
::1 - - [14/Apr/2022:16:01:43 +0200] "GET /wp-includes/css/dist/block-library/style.min.css?ver=5.9.3 HTTP/1.1" 200 83419
::1 - - [14/Apr/2022:16:01:43 +0200] "GET /wp-includes/css/dist/block-library/theme.min.css?ver=5.9.3 HTTP/1.1" 200 2428
::1 - - [14/Apr/2022:16:01:43 +0200] "GET /wp-includes/css/dist/nux/style.min.css?ver=5.9.3 HTTP/1.1" 200 2768
::1 - - [14/Apr/2022:16:01:43 +0200] "GET /wp-includes/css/dist/components/style.min.css?ver=5.9.3 HTTP/1.1" 200 122417
::1 - - [14/Apr/2022:16:01:43 +0200] "GET /wp-includes/css/dist/reusable-blocks/style.min.css?ver=5.9.3 HTTP/1.1" 200 522
::1 - - [14/Apr/2022:16:01:43 +0200] "GET /wp-includes/css/dist/editor/style.min.css?ver=5.9.3 HTTP/1.1" 200 20858
::1 - - [14/Apr/2022:16:01:43 +0200] "GET /wp-includes/css/dist/edit-post/classic.min.css?ver=5.9.3 HTTP/1.1" 200 1928
::1 - - [14/Apr/2022:16:01:43 +0200] "GET /wp-includes/css/dist/block-library/editor.min.css?ver=5.9.3 HTTP/1.1" 200 60388
::1 - - [14/Apr/2022:16:01:52 +0200] "GET /wp-json/wp/v2/taxonomies?context=edit&_locale=user HTTP/1.1" 200 7203
::1 - - [14/Apr/2022:16:01:52 +0200] "GET /wp-json/wp/v2/posts?context=edit&order=desc&orderby=date&per_page=5&_locale=user HTTP/1.1" 200 2774
::1 - - [14/Apr/2022:16:01:52 +0200] "GET /wp-json/wp/v2/users?context=view&per_page=100&has_published_posts%5B0%5D=post&_locale=user HTTP/1.1" 200 601
::1 - - [14/Apr/2022:16:01:52 +0200] "GET /wp-json/wp/v2/block-renderer/core/latest-comments?context=edit&attributes%5BcommentsToShow%5D=5&attributes%5BdisplayAvatar%5D=true&attributes%5BdisplayDate%5D=true&attributes%5BdisplayExcerpt%5D=true&post_id=8&_locale=site HTTP/1.1" 200 1125
::1 - - [14/Apr/2022:16:01:52 +0200] "GET /wp-json/wp/v2/categories?context=view&per_page=100&_locale=user HTTP/1.1" 200 617
::1 - - [14/Apr/2022:16:01:59 +0200] "POST /wp-admin/admin-ajax.php HTTP/1.1" 200 98
::1 - - [14/Apr/2022:16:02:59 +0200] "POST /wp-admin/admin-ajax.php HTTP/1.1" 200 98
::1 - - [14/Apr/2022:16:04:59 +0200] "POST /wp-admin/admin-ajax.php HTTP/1.1" 200 98
::1 - - [14/Apr/2022:16:05:59 +0200] "POST /wp-admin/admin-ajax.php HTTP/1.1" 200 98
::1 - - [14/Apr/2022:16:06:00 +0200] "POST /wp-admin/admin-ajax.php HTTP/1.1" 200 1
::1 - - [14/Apr/2022:16:06:00 +0200] "GET /wp-admin/edit.php?post_type=page HTTP/1.1" 200 60700
::1 - - [14/Apr/2022:16:06:01 +0200] "POST /wp-admin/admin-ajax.php HTTP/1.1" 200 47
::1 - - [14/Apr/2022:16:06:16 +0200] "POST /wp-admin/admin-ajax.php HTTP/1.1" 200 47
::1 - - [14/Apr/2022:16:06:20 +0200] "GET /wp-admin/edit-comments.php HTTP/1.1" 200 57696
::1 - - [14/Apr/2022:16:06:23 +0200] "GET /wp-admin/edit-comments.php HTTP/1.1" 200 57786
::1 - - [14/Apr/2022:16:06:26 +0200] "GET /wp-admin/edit-comments.php HTTP/1.1" 200 57676
::1 - - [14/Apr/2022:16:06:27 +0200] "GET /wp-admin/edit.php?post_type=page HTTP/1.1" 200 60700
::1 - - [14/Apr/2022:16:06:27 +0200] "POST /wp-admin/admin-ajax.php HTTP/1.1" 200 47
::1 - - [14/Apr/2022:16:06:29 +0200] "GET /wp-admin/upload.php HTTP/1.1" 200 141909
::1 - - [14/Apr/2022:16:06:29 +0200] "GET /wp-admin/load-styles.php?c=0&dir=ltr&load%5Bchunk_0%5D=dashicons,admin-bar,buttons,media-views,common,forms,admin-menu,dashboard,list-tables,edit,revisions,media,themes,about,nav-menu&load%5Bchunk_1%5D=s,wp-pointer,widgets,site-icon,l10n,wp-auth-check,wp-color-picker&ver=5.9.3 HTTP/1.1" 200 435274
::1 - - [14/Apr/2022:16:06:29 +0200] "GET /wp-includes/js/media-grid.min.js?ver=5.9.3 HTTP/1.1" 200 14247
::1 - - [14/Apr/2022:16:06:29 +0200] "GET /wp-admin/js/media.min.js?ver=5.9.3 HTTP/1.1" 200 2049
::1 - - [14/Apr/2022:16:06:29 +0200] "POST /wp-admin/admin-ajax.php HTTP/1.1" 200 2994
::1 - - [14/Apr/2022:16:06:29 +0200] "GET /wp-content/uploads/2022/04/cropped-screenshot-300x300.png HTTP/1.1" 200 19801
::1 - - [14/Apr/2022:16:06:29 +0200] "GET /wp-content/uploads/2022/04/screenshot-300x104.png HTTP/1.1" 304 -
::1 - - [14/Apr/2022:16:06:34 +0200] "GET /wp-admin/plugins.php HTTP/1.1" 200 49691
::1 - - [14/Apr/2022:16:06:42 +0200] "GET /wp-admin/index.php HTTP/1.1" 200 83130
::1 - - [14/Apr/2022:16:06:42 +0200] "POST /wp-admin/admin-ajax.php HTTP/1.1" 200 817
::1 - - [14/Apr/2022:16:07:00 +0200] "GET /wp-admin/edit.php HTTP/1.1" 200 55574
::1 - - [14/Apr/2022:16:07:00 +0200] "POST /wp-admin/admin-ajax.php HTTP/1.1" 200 47
::1 - - [14/Apr/2022:16:07:07 +0200] "GET /wp-admin/edit-comments.php HTTP/1.1" 200 57626
::1 - - [14/Apr/2022:16:08:07 +0200] "POST /wp-admin/admin-ajax.php HTTP/1.1" 200 47
::1 - - [14/Apr/2022:16:10:07 +0200] "POST /wp-admin/admin-ajax.php HTTP/1.1" 200 47
::1 - - [14/Apr/2022:16:11:17 +0200] "POST /wp-admin/admin-ajax.php HTTP/1.1" 200 47
::1 - - [14/Apr/2022:16:11:18 +0200] "GET /wp-admin/edit-comments.php HTTP/1.1" 200 57736
::1 - - [14/Apr/2022:16:11:18 +0200] "GET /wp-content/uploads/2022/04/cropped-screenshot-32x32.png HTTP/1.1" 304 -
::1 - - [14/Apr/2022:16:11:21 +0200] "GET /wp-admin/edit-comments.php HTTP/1.1" 200 57656
::1 - - [14/Apr/2022:16:11:33 +0200] "GET /wp-admin/tools.php HTTP/1.1" 200 27090
::1 - - [14/Apr/2022:16:12:34 +0200] "POST /wp-admin/admin-ajax.php HTTP/1.1" 200 47
::1 - - [14/Apr/2022:16:12:52 +0200] "GET /wp-admin/tools.php HTTP/1.1" 200 27904
::1 - - [14/Apr/2022:16:13:04 +0200] "GET /wp-admin/edit.php?post_type=races HTTP/1.1" 200 35809
::1 - - [14/Apr/2022:16:13:05 +0200] "POST /wp-admin/admin-ajax.php HTTP/1.1" 200 47
::1 - - [14/Apr/2022:16:13:20 +0200] "POST /wp-admin/admin-ajax.php HTTP/1.1" 200 47
::1 - - [14/Apr/2022:16:13:35 +0200] "GET /wp-admin/post-new.php?post_type=races HTTP/1.1" 200 163385
::1 - - [14/Apr/2022:16:13:35 +0200] "GET /wp-admin/load-styles.php?c=0&dir=ltr&load%5Bchunk_0%5D=dashicons,admin-bar,common,forms,admin-menu,dashboard,list-tables,edit,revisions,media,themes,about,nav-menus,wp-pointer,widgets&load%5Bchunk_1%5D=,site-icon,l10n,buttons,wp-auth-check,media-views,wp-color-picker&ver=5.9.3 HTTP/1.1" 200 435274
::1 - - [14/Apr/2022:16:13:35 +0200] "GET /wp-includes/js/autosave.min.js?ver=5.9.3 HTTP/1.1" 200 5829
::1 - - [14/Apr/2022:16:13:35 +0200] "GET /wp-admin/js/editor-expand.min.js?ver=5.9.3 HTTP/1.1" 200 13451
::1 - - [14/Apr/2022:16:13:35 +0200] "POST /wp-admin/admin-ajax.php HTTP/1.1" 200 47
::1 - - [14/Apr/2022:16:13:47 +0200] "POST /wp-admin/post.php HTTP/1.1" 302 -
::1 - - [14/Apr/2022:16:13:47 +0200] "GET /wp-admin/post.php?post=21&action=edit&message=6 HTTP/1.1" 200 163778
::1 - - [14/Apr/2022:16:13:47 +0200] "GET /wp-admin/admin-ajax.php?action=oembed-cache&post=21 HTTP/1.1" 200 1
::1 - - [14/Apr/2022:16:13:50 +0200] "POST /wp-admin/post.php HTTP/1.1" 302 -
::1 - - [14/Apr/2022:16:13:50 +0200] "GET /wp-admin/post.php?post=21&action=edit&message=1 HTTP/1.1" 200 163729
::1 - - [14/Apr/2022:16:13:50 +0200] "GET /wp-admin/admin-ajax.php?action=oembed-cache&post=21 HTTP/1.1" 200 1
::1 - - [14/Apr/2022:16:13:53 +0200] "POST /wp-admin/post.php HTTP/1.1" 302 -
::1 - - [14/Apr/2022:16:13:53 +0200] "GET /wp-admin/post.php?post=21&action=edit&message=1 HTTP/1.1" 200 163729
::1 - - [14/Apr/2022:16:13:54 +0200] "GET /wp-admin/admin-ajax.php?action=oembed-cache&post=21 HTTP/1.1" 200 1
::1 - - [14/Apr/2022:16:14:54 +0200] "POST /wp-admin/admin-ajax.php HTTP/1.1" 200 47
::1 - - [14/Apr/2022:16:16:43 +0200] "POST /wp-admin/admin-ajax.php HTTP/1.1" 200 47
::1 - - [14/Apr/2022:16:16:50 +0200] "GET /wp-login.php?action=logout&_wpnonce=b7e0a97d36 HTTP/1.1" 302 -
::1 - - [14/Apr/2022:16:16:50 +0200] "GET /wp-login.php?loggedout=true&wp_lang=fr_FR HTTP/1.1" 200 8900
::1 - - [14/Apr/2022:16:16:50 +0200] "POST /wp-admin/admin-ajax.php HTTP/1.1" 400 1
