AH00558: httpd: Could not reliably determine the server's fully qualified domain name, using 127.0.1.1. Set the 'ServerName' directive globally to suppress this message
[Fri Apr 08 16:40:59.285242 2022] [mpm_event:notice] [pid 18137:tid 139970027924800] AH00489: Apache/2.4.43 (Unix) configured -- resuming normal operations
[Fri Apr 08 16:40:59.285403 2022] [core:notice] [pid 18137:tid 139970027924800] AH00094: Command line: '/home/cyril/.config/Local/lightning-services/apache-2.4.43+6/bin/linux/bin/httpd -D FOREGROUND -f /home/cyril/.config/Local/run/6_51g0115/conf/apache/apache2.conf'
[Fri Apr 08 17:09:24.999092 2022] [mpm_event:notice] [pid 18137:tid 139970027924800] AH00491: caught SIGTERM, shutting down
AH00558: httpd: Could not reliably determine the server's fully qualified domain name, using 127.0.1.1. Set the 'ServerName' directive globally to suppress this message
[Tue Apr 12 14:53:38.450165 2022] [mpm_event:notice] [pid 6853:tid 139913653460288] AH00489: Apache/2.4.43 (Unix) configured -- resuming normal operations
[Tue Apr 12 14:53:38.450324 2022] [core:notice] [pid 6853:tid 139913653460288] AH00094: Command line: '/home/cyril/.config/Local/lightning-services/apache-2.4.43+6/bin/linux/bin/httpd -D FOREGROUND -f /home/cyril/.config/Local/run/6_51g0115/conf/apache/apache2.conf'
[Tue Apr 12 15:53:09.798005 2022] [mpm_event:notice] [pid 6853:tid 139913653460288] AH00491: caught SIGTERM, shutting down
AH00558: httpd: Could not reliably determine the server's fully qualified domain name, using 127.0.1.1. Set the 'ServerName' directive globally to suppress this message
[Tue Apr 12 15:53:12.022299 2022] [mpm_event:notice] [pid 11068:tid 140671178263872] AH00489: Apache/2.4.43 (Unix) configured -- resuming normal operations
[Tue Apr 12 15:53:12.022416 2022] [core:notice] [pid 11068:tid 140671178263872] AH00094: Command line: '/home/cyril/.config/Local/lightning-services/apache-2.4.43+6/bin/linux/bin/httpd -D FOREGROUND -f /home/cyril/.config/Local/run/6_51g0115/conf/apache/apache2.conf'
[Tue Apr 12 15:53:57.679763 2022] [mpm_event:notice] [pid 11068:tid 140671178263872] AH00491: caught SIGTERM, shutting down
AH00558: httpd: Could not reliably determine the server's fully qualified domain name, using 127.0.1.1. Set the 'ServerName' directive globally to suppress this message
[Tue Apr 12 15:54:26.164429 2022] [mpm_event:notice] [pid 11408:tid 140378512072000] AH00489: Apache/2.4.43 (Unix) configured -- resuming normal operations
[Tue Apr 12 15:54:26.164618 2022] [core:notice] [pid 11408:tid 140378512072000] AH00094: Command line: '/home/cyril/.config/Local/lightning-services/apache-2.4.43+6/bin/linux/bin/httpd -D FOREGROUND -f /home/cyril/.config/Local/run/6_51g0115/conf/apache/apache2.conf'
[Tue Apr 12 16:36:47.009498 2022] [mpm_event:notice] [pid 11408:tid 140378512072000] AH00491: caught SIGTERM, shutting down
AH00558: httpd: Could not reliably determine the server's fully qualified domain name, using 127.0.1.1. Set the 'ServerName' directive globally to suppress this message
[Tue Apr 12 16:36:59.329892 2022] [mpm_event:notice] [pid 13357:tid 140161435942208] AH00489: Apache/2.4.43 (Unix) configured -- resuming normal operations
[Tue Apr 12 16:36:59.330030 2022] [core:notice] [pid 13357:tid 140161435942208] AH00094: Command line: '/home/cyril/.config/Local/lightning-services/apache-2.4.43+6/bin/linux/bin/httpd -D FOREGROUND -f /home/cyril/.config/Local/run/6_51g0115/conf/apache/apache2.conf'
[Tue Apr 12 17:53:33.184151 2022] [mpm_event:notice] [pid 13357:tid 140161435942208] AH00491: caught SIGTERM, shutting down
AH00558: httpd: Could not reliably determine the server's fully qualified domain name, using 127.0.1.1. Set the 'ServerName' directive globally to suppress this message
[Tue Apr 12 17:53:36.911191 2022] [mpm_event:notice] [pid 17027:tid 140027704331584] AH00489: Apache/2.4.43 (Unix) configured -- resuming normal operations
[Tue Apr 12 17:53:36.911325 2022] [core:notice] [pid 17027:tid 140027704331584] AH00094: Command line: '/home/cyril/.config/Local/lightning-services/apache-2.4.43+6/bin/linux/bin/httpd -D FOREGROUND -f /home/cyril/.config/Local/run/6_51g0115/conf/apache/apache2.conf'
[Tue Apr 12 17:53:45.996799 2022] [mpm_event:notice] [pid 17027:tid 140027704331584] AH00491: caught SIGTERM, shutting down
AH00558: httpd: Could not reliably determine the server's fully qualified domain name, using 127.0.1.1. Set the 'ServerName' directive globally to suppress this message
[Wed Apr 13 15:25:00.371210 2022] [mpm_event:notice] [pid 6740:tid 140253444930880] AH00489: Apache/2.4.43 (Unix) configured -- resuming normal operations
[Wed Apr 13 15:25:00.371311 2022] [core:notice] [pid 6740:tid 140253444930880] AH00094: Command line: '/home/cyril/.config/Local/lightning-services/apache-2.4.43+6/bin/linux/bin/httpd -D FOREGROUND -f /home/cyril/.config/Local/run/6_51g0115/conf/apache/apache2.conf'
[Wed Apr 13 17:22:49.465471 2022] [mpm_event:notice] [pid 6740:tid 140253444930880] AH00491: caught SIGTERM, shutting down
AH00558: httpd: Could not reliably determine the server's fully qualified domain name, using 127.0.1.1. Set the 'ServerName' directive globally to suppress this message
[Thu Apr 14 14:07:29.971538 2022] [mpm_event:notice] [pid 5867:tid 140013018357056] AH00489: Apache/2.4.43 (Unix) configured -- resuming normal operations
[Thu Apr 14 14:07:29.971667 2022] [core:notice] [pid 5867:tid 140013018357056] AH00094: Command line: '/home/cyril/.config/Local/lightning-services/apache-2.4.43+6/bin/linux/bin/httpd -D FOREGROUND -f /home/cyril/.config/Local/run/6_51g0115/conf/apache/apache2.conf'
[Thu Apr 14 16:17:26.568431 2022] [mpm_event:notice] [pid 5867:tid 140013018357056] AH00491: caught SIGTERM, shutting down
AH00558: httpd: Could not reliably determine the server's fully qualified domain name, using 127.0.1.1. Set the 'ServerName' directive globally to suppress this message
[Wed Apr 20 14:19:55.043077 2022] [mpm_event:notice] [pid 12159:tid 139753323105600] AH00489: Apache/2.4.43 (Unix) configured -- resuming normal operations
[Wed Apr 20 14:19:55.043246 2022] [core:notice] [pid 12159:tid 139753323105600] AH00094: Command line: '/home/cyril/.config/Local/lightning-services/apache-2.4.43+6/bin/linux/bin/httpd -D FOREGROUND -f /home/cyril/.config/Local/run/6_51g0115/conf/apache/apache2.conf'
[Wed Apr 20 16:50:28.688717 2022] [mpm_event:notice] [pid 12159:tid 139753323105600] AH00491: caught SIGTERM, shutting down
AH00558: httpd: Could not reliably determine the server's fully qualified domain name, using 127.0.1.1. Set the 'ServerName' directive globally to suppress this message
[Thu Apr 21 09:31:12.146804 2022] [mpm_event:notice] [pid 9053:tid 139725175123264] AH00489: Apache/2.4.43 (Unix) configured -- resuming normal operations
[Thu Apr 21 09:31:12.146943 2022] [core:notice] [pid 9053:tid 139725175123264] AH00094: Command line: '/home/cyril/.config/Local/lightning-services/apache-2.4.43+6/bin/linux/bin/httpd -D FOREGROUND -f /home/cyril/.config/Local/run/6_51g0115/conf/apache/apache2.conf'
[Thu Apr 21 16:22:38.258125 2022] [mpm_event:notice] [pid 9053:tid 139725175123264] AH00491: caught SIGTERM, shutting down
AH00558: httpd: Could not reliably determine the server's fully qualified domain name, using 127.0.1.1. Set the 'ServerName' directive globally to suppress this message
[Thu Apr 21 16:22:41.596818 2022] [mpm_event:notice] [pid 25656:tid 140423057243456] AH00489: Apache/2.4.43 (Unix) configured -- resuming normal operations
[Thu Apr 21 16:22:41.597107 2022] [core:notice] [pid 25656:tid 140423057243456] AH00094: Command line: '/home/cyril/.config/Local/lightning-services/apache-2.4.43+6/bin/linux/bin/httpd -D FOREGROUND -f /home/cyril/.config/Local/run/6_51g0115/conf/apache/apache2.conf'
[Thu Apr 21 17:18:32.547012 2022] [mpm_event:notice] [pid 25656:tid 140423057243456] AH00491: caught SIGTERM, shutting down
AH00558: httpd: Could not reliably determine the server's fully qualified domain name, using 127.0.1.1. Set the 'ServerName' directive globally to suppress this message
[Fri Apr 22 10:39:38.955455 2022] [mpm_event:notice] [pid 7878:tid 140603364322624] AH00489: Apache/2.4.43 (Unix) configured -- resuming normal operations
[Fri Apr 22 10:39:38.955676 2022] [core:notice] [pid 7878:tid 140603364322624] AH00094: Command line: '/home/cyril/.config/Local/lightning-services/apache-2.4.43+6/bin/linux/bin/httpd -D FOREGROUND -f /home/cyril/.config/Local/run/6_51g0115/conf/apache/apache2.conf'
[Fri Apr 22 10:48:33.204329 2022] [mpm_event:notice] [pid 7878:tid 140603364322624] AH00491: caught SIGTERM, shutting down
AH00558: httpd: Could not reliably determine the server's fully qualified domain name, using 127.0.1.1. Set the 'ServerName' directive globally to suppress this message
[Fri Apr 22 10:48:36.554368 2022] [mpm_event:notice] [pid 8448:tid 140504103664960] AH00489: Apache/2.4.43 (Unix) configured -- resuming normal operations
[Fri Apr 22 10:48:36.554571 2022] [core:notice] [pid 8448:tid 140504103664960] AH00094: Command line: '/home/cyril/.config/Local/lightning-services/apache-2.4.43+6/bin/linux/bin/httpd -D FOREGROUND -f /home/cyril/.config/Local/run/6_51g0115/conf/apache/apache2.conf'
[Fri Apr 22 11:09:29.500256 2022] [mpm_event:notice] [pid 8448:tid 140504103664960] AH00491: caught SIGTERM, shutting down
AH00558: httpd: Could not reliably determine the server's fully qualified domain name, using 127.0.1.1. Set the 'ServerName' directive globally to suppress this message
[Fri Apr 22 11:09:32.422226 2022] [mpm_event:notice] [pid 10526:tid 139840764304704] AH00489: Apache/2.4.43 (Unix) configured -- resuming normal operations
[Fri Apr 22 11:09:32.422373 2022] [core:notice] [pid 10526:tid 139840764304704] AH00094: Command line: '/home/cyril/.config/Local/lightning-services/apache-2.4.43+6/bin/linux/bin/httpd -D FOREGROUND -f /home/cyril/.config/Local/run/6_51g0115/conf/apache/apache2.conf'
[Fri Apr 22 15:08:24.921906 2022] [mpm_event:notice] [pid 10526:tid 139840764304704] AH00491: caught SIGTERM, shutting down
AH00558: httpd: Could not reliably determine the server's fully qualified domain name, using 127.0.1.1. Set the 'ServerName' directive globally to suppress this message
[Fri Apr 22 15:08:27.006852 2022] [mpm_event:notice] [pid 28340:tid 140395098524992] AH00489: Apache/2.4.43 (Unix) configured -- resuming normal operations
[Fri Apr 22 15:08:27.007022 2022] [core:notice] [pid 28340:tid 140395098524992] AH00094: Command line: '/home/cyril/.config/Local/lightning-services/apache-2.4.43+6/bin/linux/bin/httpd -D FOREGROUND -f /home/cyril/.config/Local/run/6_51g0115/conf/apache/apache2.conf'
